Sep 27 05:39:45.188 - [DEBUG] roundtrip time:254 cost:0 transfer_no:1376 send_sn:1344 send:547 recv_sn:0 rcv:11 status:200
Sep 27 05:39:45.198 - [DEBUG] roundtrip time:249 cost:1 transfer_no:1378 send_sn:1346 send:52 recv_sn:0 rcv:11 status:200
Sep 27 05:39:45.210 - [DEBUG] roundtrip time:258 cost:0 transfer_no:1379 send_sn:1347 send:60 recv_sn:1020 rcv:185 status:200
Sep 27 05:39:45.236 - [DEBUG] roundtrip time:249 cost:0 transfer_no:1383 send_sn:1351 send:230 recv_sn:0 rcv:11 status:200
Sep 27 05:39:45.238 - [DEBUG] roundtrip time:256 cost:0 transfer_no:1381 send_sn:1349 send:230 recv_sn:1021 rcv:94 status:200
Sep 27 05:39:45.239 - [DEBUG] roundtrip time:256 cost:1 transfer_no:1382 send_sn:1350 send:230 recv_sn:0 rcv:11 status:200
Sep 27 05:39:45.239 - [DEBUG] roundtrip time:545 cost:0 transfer_no:1365 send_sn:1333 send:46 recv_sn:0 rcv:11 status:200
Sep 27 05:39:45.624 - [DEBUG] roundtrip time:481 cost:0 transfer_no:1391 send_sn:1359 send:627 recv_sn:1023 rcv:94 status:200
Sep 27 05:39:45.628 - [DEBUG] roundtrip time:568 cost:0 transfer_no:1388 send_sn:1356 send:637 recv_sn:0 rcv:11 status:200
Sep 27 05:39:45.630 - [DEBUG] roundtrip time:573 cost:0 transfer_no:1387 send_sn:1355 send:659 recv_sn:1024 rcv:185 status:200
Sep 27 05:39:45.633 - [DEBUG] roundtrip time:393 cost:2 transfer_no:1399 send_sn:1367 send:67 recv_sn:0 rcv:11 status:200
Sep 27 05:39:45.633 - [DEBUG] roundtrip time:467 cost:0 transfer_no:1393 send_sn:1361 send:329 recv_sn:0 rcv:11 status:200
Sep 27 05:39:45.635 - [DEBUG] roundtrip time:686 cost:0 transfer_no:1377 send_sn:1345 send:547 recv_sn:1022 rcv:94 status:200
Sep 27 05:39:45.637 - [DEBUG] roundtrip time:960 cost:0 transfer_no:1362 send_sn:1330 send:33 recv_sn:1018 rcv:185 status:200
Sep 27 05:39:45.637 - [DEBUG] roundtrip time:399 cost:0 transfer_no:1398 send_sn:1366 send:230 recv_sn:0 rcv:11 status:200
Sep 27 05:39:45.639 - [DEBUG] roundtrip time:450 cost:2 transfer_no:1395 send_sn:1363 send:54 recv_sn:0 rcv:11 status:200
Sep 27 05:39:45.643 - [DEBUG] roundtrip time:570 cost:0 transfer_no:1389 send_sn:1357 send:622 recv_sn:0 rcv:11 status:200
Sep 27 05:39:45.644 - [DEBUG] roundtrip time:446 cost:1 transfer_no:1396 send_sn:1364 send:531 recv_sn:0 rcv:11 status:200
Sep 27 05:39:45.654 - [DEBUG] roundtrip time:506 cost:0 transfer_no:1392 send_sn:1360 send:621 recv_sn:0 rcv:11 status:200
Sep 27 05:39:45.658 - [DEBUG] roundtrip time:474 cost:0 transfer_no:1394 send_sn:1362 send:59 recv_sn:0 rcv:11 status:200
Sep 27 05:39:45.658 - [DEBUG] roundtrip time:980 cost:0 transfer_no:1360 send_sn:0 send:0 recv_sn:1019 rcv:185 status:200
Sep 27 05:39:45.659 - [DEBUG] roundtrip time:566 cost:0 transfer_no:1390 send_sn:1358 send:629 recv_sn:1026 rcv:94 status:200
Sep 27 05:39:45.660 - [DEBUG] roundtrip time:450 cost:0 transfer_no:1397 send_sn:1365 send:230 recv_sn:0 rcv:11 status:200
Sep 27 05:39:45.661 - [DEBUG] roundtrip time:625 cost:0 transfer_no:1385 send_sn:1353 send:112 recv_sn:1027 rcv:132 status:200
Sep 27 05:39:45.663 - [DEBUG] roundtrip time:611 cost:0 transfer_no:1386 send_sn:1354 send:1243 recv_sn:1025 rcv:185 status:200
Sep 27 05:39:45.674 - [DEBUG] roundtrip time:716 cost:0 transfer_no:1380 send_sn:1348 send:230 recv_sn:1028 rcv:347 status:200
Sep 27 05:39:45.747 - [DEBUG] roundtrip time:718 cost:1 transfer_no:1384 send_sn:1352 send:67 recv_sn:1029 rcv:71 status:200
Sep 27 05:39:45.866 - [DEBUG] roundtrip time:240 cost:0 transfer_no:1402 send_sn:1370 send:1237 recv_sn:1030 rcv:94 status:200
Sep 27 05:39:45.872 - [DEBUG] roundtrip time:239 cost:0 transfer_no:1406 send_sn:1374 send:1204 recv_sn:1031 rcv:254 status:200
Sep 27 05:39:45.873 - [DEBUG] roundtrip time:243 cost:2 transfer_no:1403 send_sn:1371 send:230 recv_sn:1033 rcv:63 status:200
Sep 27 05:39:45.877 - [DEBUG] roundtrip time:240 cost:0 transfer_no:1408 send_sn:1376 send:230 recv_sn:1032 rcv:71 status:200
Sep 27 05:39:45.878 - [DEBUG] roundtrip time:638 cost:1 transfer_no:1400 send_sn:1368 send:112 recv_sn:0 rcv:11 status:200
Sep 27 05:39:45.896 - [DEBUG] roundtrip time:253 cost:0 transfer_no:1411 send_sn:1379 send:52 recv_sn:1041 rcv:149 status:200
Sep 27 05:39:45.902 - [DEBUG] roundtrip time:240 cost:0 transfer_no:1414 send_sn:1382 send:52 recv_sn:1040 rcv:154 status:200
Sep 27 05:39:45.909 - [DEBUG] roundtrip time:250 cost:0 transfer_no:1413 send_sn:1381 send:230 recv_sn:1042 rcv:94 status:200
Sep 27 05:39:45.927 - [DEBUG] roundtrip time:295 cost:1 transfer_no:1404 send_sn:1372 send:46 recv_sn:1035 rcv:2073 status:200
Sep 27 05:39:45.928 - [DEBUG] roundtrip time:295 cost:2 transfer_no:1405 send_sn:1373 send:547 recv_sn:1034 rcv:1664 status:200
Sep 27 05:39:45.932 - [DEBUG] roundtrip time:267 cost:0 transfer_no:1415 send_sn:1383 send:230 recv_sn:1046 rcv:185 status:200
Sep 27 05:39:45.933 - [DEBUG] roundtrip time:295 cost:0 transfer_no:1409 send_sn:1377 send:230 recv_sn:1037 rcv:1061 status:200
Sep 27 05:39:45.934 - [DEBUG] roundtrip time:299 cost:1 transfer_no:1407 send_sn:1375 send:1244 recv_sn:1036 rcv:1214 status:200
Sep 27 05:39:45.936 - [DEBUG] roundtrip time:269 cost:0 transfer_no:1418 send_sn:1386 send:1641 recv_sn:1043 rcv:94 status:200
Sep 27 05:39:45.937 - [DEBUG] roundtrip time:271 cost:0 transfer_no:1416 send_sn:1384 send:123 recv_sn:1045 rcv:94 status:200
Sep 27 05:39:45.953 - [DEBUG] roundtrip time:314 cost:0 transfer_no:1410 send_sn:1378 send:230 recv_sn:1039 rcv:1274 status:200
Sep 27 05:39:45.961 - [DEBUG] roundtrip time:316 cost:1 transfer_no:1412 send_sn:1380 send:230 recv_sn:1038 rcv:1176 status:200
Sep 27 05:39:45.977 - [DEBUG] roundtrip time:230 cost:1 transfer_no:1419 send_sn:1387 send:60 recv_sn:1047 rcv:94 status:200
Sep 27 05:39:45.981 - [DEBUG] roundtrip time:740 cost:0 transfer_no:1401 send_sn:1369 send:1479 recv_sn:0 rcv:11 status:200
Sep 27 05:39:46.109 - [DEBUG] roundtrip time:230 cost:1 transfer_no:1420 send_sn:1388 send:60 recv_sn:1048 rcv:94 status:200
Sep 27 05:39:46.170 - [DEBUG] roundtrip time:238 cost:1 transfer_no:1421 send_sn:1389 send:60 recv_sn:1049 rcv:94 status:200
Sep 27 05:39:46.182 - [DEBUG] roundtrip time:243 cost:0 transfer_no:1423 send_sn:1391 send:67 recv_sn:1050 rcv:94 status:200
Sep 27 05:39:46.188 - [DEBUG] roundtrip time:246 cost:0 transfer_no:1425 send_sn:1393 send:52 recv_sn:1051 rcv:63 status:200
Sep 27 05:39:46.190 - [DEBUG] roundtrip time:246 cost:0 transfer_no:1427 send_sn:1395 send:1737 recv_sn:1053 rcv:455 status:200
Sep 27 05:39:46.191 - [DEBUG] roundtrip time:525 cost:0 transfer_no:1417 send_sn:1385 send:56 recv_sn:1044 rcv:149 status:200
Sep 27 05:39:46.194 - [DEBUG] roundtrip time:256 cost:6 transfer_no:1422 send_sn:1390 send:230 recv_sn:1054 rcv:94 status:200
Sep 27 05:39:46.206 - [DEBUG] roundtrip time:257 cost:5 transfer_no:1430 send_sn:1398 send:741 recv_sn:1058 rcv:221 status:200
Sep 27 05:39:46.207 - [DEBUG] roundtrip time:252 cost:3 transfer_no:1431 send_sn:1399 send:1452 recv_sn:1057 rcv:760 status:200
Sep 27 05:39:46.221 - [DEBUG] roundtrip time:273 cost:17 transfer_no:1429 send_sn:1397 send:733 recv_sn:1059 rcv:737 status:200
Sep 27 05:39:46.248 - [DEBUG] roundtrip time:280 cost:1 transfer_no:1433 send_sn:1401 send:816 recv_sn:1061 rcv:372 status:200
Sep 27 05:39:46.295 - [DEBUG] roundtrip time:328 cost:3 transfer_no:1432 send_sn:1400 send:727 recv_sn:1060 rcv:1532 status:200
Sep 27 05:39:46.417 - [DEBUG] roundtrip time:230 cost:0 transfer_no:1434 send_sn:1402 send:52 recv_sn:1062 rcv:258 status:200
Sep 27 05:39:46.423 - [DEBUG] roundtrip time:483 cost:0 transfer_no:1424 send_sn:1392 send:112 recv_sn:1052 rcv:963 status:200
Sep 27 05:39:46.429 - [DEBUG] roundtrip time:485 cost:0 transfer_no:1426 send_sn:1394 send:165 recv_sn:1055 rcv:63 status:200
Sep 27 05:39:46.439 - [DEBUG] roundtrip time:492 cost:0 transfer_no:1428 send_sn:1396 send:861 recv_sn:1056 rcv:63 status:200
Sep 27 05:39:46.451 - [DEBUG] roundtrip time:256 cost:3 transfer_no:1435 send_sn:1403 send:52 recv_sn:1063 rcv:645 status:200
Sep 27 05:39:46.454 - [INFO] socks5 ('127.0.0.1', 60207) connect to cloudusersettings-pa.clients6.google.com:443 conn_id:122
Sep 27 05:39:46.474 - [DEBUG] roundtrip time:244 cost:0 transfer_no:1436 send_sn:1404 send:820 recv_sn:1064 rcv:502 status:200
Sep 27 05:39:46.566 - [DEBUG] roundtrip time:325 cost:86 transfer_no:1437 send_sn:1405 send:344 recv_sn:1065 rcv:325 status:200
Sep 27 05:39:46.566 - [DEBUG] roundtrip time:313 cost:61 transfer_no:1439 send_sn:1407 send:123 recv_sn:1066 rcv:195 status:200
Sep 27 05:39:46.571 - [DEBUG] roundtrip time:325 cost:71 transfer_no:1438 send_sn:1406 send:187 recv_sn:1067 rcv:149 status:200
Sep 27 05:39:46.591 - [DEBUG] roundtrip time:269 cost:26 transfer_no:1441 send_sn:1409 send:1134 recv_sn:1068 rcv:640 status:200
Sep 27 05:39:46.595 - [DEBUG] roundtrip time:276 cost:28 transfer_no:1440 send_sn:1408 send:1147 recv_sn:1069 rcv:149 status:200
Sep 27 05:39:46.596 - [DEBUG] roundtrip time:246 cost:6 transfer_no:1443 send_sn:1411 send:1148 recv_sn:1070 rcv:149 status:200
Sep 27 05:39:46.599 - [DEBUG] roundtrip time:250 cost:10 transfer_no:1442 send_sn:1410 send:1110 recv_sn:1071 rcv:591 status:200
Sep 27 05:39:46.635 - [DEBUG] roundtrip time:259 cost:2 transfer_no:1445 send_sn:1413 send:1157 recv_sn:1073 rcv:149 status:200
Sep 27 05:39:46.653 - [DEBUG] roundtrip time:279 cost:1 transfer_no:1444 send_sn:1412 send:1119 recv_sn:1072 rcv:324 status:200
Sep 27 05:39:46.658 - [DEBUG] roundtrip time:233 cost:1 transfer_no:1446 send_sn:1414 send:60 recv_sn:1074 rcv:149 status:200
Sep 27 05:39:46.708 - [DEBUG] roundtrip time:266 cost:30 transfer_no:1448 send_sn:1416 send:60 recv_sn:1076 rcv:181 status:200
Sep 27 05:39:46.757 - [DEBUG] roundtrip time:320 cost:42 transfer_no:1447 send_sn:1415 send:60 recv_sn:1075 rcv:1420 status:200
Sep 27 05:39:46.795 - [DEBUG] roundtrip time:340 cost:100 transfer_no:1450 send_sn:1418 send:199 recv_sn:1078 rcv:347 status:200
Sep 27 05:39:46.944 - [DEBUG] roundtrip time:477 cost:201 transfer_no:1452 send_sn:1420 send:277 recv_sn:1080 rcv:94 status:200
Sep 27 05:39:46.949 - [DEBUG] roundtrip time:381 cost:151 transfer_no:1453 send_sn:1421 send:60 recv_sn:1081 rcv:63 status:200
Sep 27 05:39:46.954 - [DEBUG] roundtrip time:496 cost:236 transfer_no:1451 send_sn:1419 send:533 recv_sn:1079 rcv:889 status:200
Sep 27 05:39:46.964 - [DEBUG] roundtrip time:394 cost:165 transfer_no:1454 send_sn:1422 send:60 recv_sn:1082 rcv:562 status:200
Sep 27 05:39:47.037 - [DEBUG] roundtrip time:582 cost:0 transfer_no:1449 send_sn:1417 send:59 recv_sn:1077 rcv:122 status:200
Sep 27 05:39:47.317 - [DEBUG] roundtrip time:608 cost:376 transfer_no:1455 send_sn:1423 send:65 recv_sn:1083 rcv:200 status:200
Sep 27 05:39:47.318 - [DEBUG] roundtrip time:608 cost:375 transfer_no:1456 send_sn:1424 send:165 recv_sn:1084 rcv:149 status:200
Sep 27 05:39:47.368 - [DEBUG] roundtrip time:657 cost:416 transfer_no:1457 send_sn:1425 send:617 recv_sn:1085 rcv:300 status:200
Sep 27 05:39:47.447 - [DEBUG] roundtrip time:500 cost:260 transfer_no:1458 send_sn:1426 send:52 recv_sn:1086 rcv:901 status:200
Sep 27 05:39:47.497 - [DEBUG] roundtrip time:540 cost:292 transfer_no:1460 send_sn:1428 send:199 recv_sn:1087 rcv:623 status:200
Sep 27 05:39:47.767 - [DEBUG] roundtrip time:802 cost:563 transfer_no:1461 send_sn:1429 send:60 recv_sn:0 rcv:11 status:200
Sep 27 05:39:47.768 - [DEBUG] roundtrip time:235 cost:0 transfer_no:1474 send_sn:1442 send:1063 recv_sn:1088 rcv:200 status:200
Sep 27 05:39:47.805 - [DEBUG] roundtrip time:263 cost:0 transfer_no:1475 send_sn:1443 send:1098 recv_sn:1089 rcv:149 status:200
Sep 27 05:39:47.809 - [DEBUG] roundtrip time:835 cost:597 transfer_no:1462 send_sn:1430 send:909 recv_sn:1091 rcv:323 status:200
Sep 27 05:39:47.813 - [DEBUG] roundtrip time:776 cost:505 transfer_no:1466 send_sn:1434 send:60 recv_sn:1092 rcv:149 status:200
Sep 27 05:39:47.896 - [DEBUG] roundtrip time:879 cost:577 transfer_no:1464 send_sn:1432 send:1168 recv_sn:1093 rcv:255 status:200
Sep 27 05:39:48.038 - [DEBUG] roundtrip time:1082 cost:0 transfer_no:1459 send_sn:1427 send:60 recv_sn:1090 rcv:149 status:200
Sep 27 05:39:48.299 - [DEBUG] roundtrip time:1283 cost:982 transfer_no:1463 send_sn:1431 send:1130 recv_sn:1094 rcv:959 status:200
Sep 27 05:39:49.122 - [DEBUG] roundtrip time:2105 cost:1801 transfer_no:1465 send_sn:1433 send:478 recv_sn:1095 rcv:285 status:200
Sep 27 05:39:49.373 - [DEBUG] roundtrip time:2052 cost:1817 transfer_no:1467 send_sn:1435 send:60 recv_sn:1096 rcv:200 status:200
Sep 27 05:39:49.387 - [DEBUG] roundtrip time:2019 cost:1786 transfer_no:1468 send_sn:1436 send:60 recv_sn:1097 rcv:149 status:200
Sep 27 05:39:49.709 - [DEBUG] roundtrip time:2210 cost:1917 transfer_no:1469 send_sn:1437 send:60 recv_sn:1098 rcv:1104 status:200
Sep 27 05:39:51.052 - [DEBUG] roundtrip time:3541 cost:3282 transfer_no:1471 send_sn:1439 send:185 recv_sn:1100 rcv:71 status:200
Sep 27 05:39:51.382 - [DEBUG] roundtrip time:3871 cost:0 transfer_no:1470 send_sn:1438 send:302 recv_sn:1099 rcv:1268 status:200
Sep 27 05:39:51.790 - [DEBUG] roundtrip time:4259 cost:4013 transfer_no:1473 send_sn:1441 send:1025 recv_sn:1101 rcv:323 status:200
Sep 27 05:39:52.686 - [DEBUG] roundtrip time:282 cost:0 transfer_no:1494 send_sn:1462 send:247 recv_sn:0 rcv:11 status:200
Sep 27 05:39:52.812 - [DEBUG] roundtrip time:5296 cost:4990 transfer_no:1472 send_sn:1440 send:345 recv_sn:1102 rcv:1252 status:200
Sep 27 05:39:54.116 - [DEBUG] roundtrip time:277 cost:0 transfer_no:1496 send_sn:1464 send:263 recv_sn:0 rcv:11 status:200
Sep 27 05:39:54.164 - [DEBUG] roundtrip time:6621 cost:6352 transfer_no:1476 send_sn:1444 send:1136 recv_sn:1103 rcv:1015 status:200
Sep 27 05:39:55.532 - [DEBUG] roundtrip time:345 cost:0 transfer_no:1498 send_sn:1466 send:196 recv_sn:0 rcv:11 status:200
Sep 27 05:39:55.585 - [DEBUG] roundtrip time:7815 cost:7586 transfer_no:1477 send_sn:1445 send:60 recv_sn:1104 rcv:869 status:200
Sep 27 05:39:55.587 - [DEBUG] roundtrip time:7775 cost:7537 transfer_no:1478 send_sn:1446 send:60 recv_sn:1105 rcv:283 status:200
Sep 27 05:39:57.026 - [DEBUG] roundtrip time:9039 cost:8738 transfer_no:1479 send_sn:1447 send:385 recv_sn:1106 rcv:1105 status:200
Sep 27 05:39:57.242 - [DEBUG] Conn session:fybvyium conn:106 stop:recv fail.
Sep 27 05:39:57.243 - [DEBUG] Conn session:fybvyium conn:107 stop:recv fail.
Sep 27 05:39:57.245 - [DEBUG] Conn session:fybvyium conn:108 stop:recv fail.
Sep 27 05:39:57.246 - [DEBUG] Conn session:fybvyium conn:118 stop:recv fail.
Sep 27 05:39:57.247 - [DEBUG] remove conn_id:106
Sep 27 05:39:57.248 - [DEBUG] Conn session:fybvyium conn:119 stop:recv fail.
Sep 27 05:39:57.249 - [DEBUG] Conn session:fybvyium conn:115 stop:recv fail.
Sep 27 05:39:57.249 - [DEBUG] remove conn_id:107
Sep 27 05:39:57.249 - [DEBUG] Conn session:fybvyium conn:102 stop:recv fail.
Sep 27 05:39:57.249 - [DEBUG] Conn session:fybvyium conn:117 stop:recv fail.
Sep 27 05:39:57.250 - [DEBUG] remove conn_id:108
Sep 27 05:39:57.250 - [DEBUG] Conn session:fybvyium conn:104 stop:recv fail.
Sep 27 05:39:57.251 - [DEBUG] Conn session:fybvyium conn:101 stop:recv fail.
Sep 27 05:39:57.252 - [DEBUG] Conn session:fybvyium conn:116 stop:recv fail.
Sep 27 05:39:57.252 - [DEBUG] Conn session:fybvyium conn:110 stop:recv fail.
Sep 27 05:39:57.252 - [DEBUG] Conn session:fybvyium conn:100 stop:recv fail.
Sep 27 05:39:57.253 - [DEBUG] Conn session:fybvyium conn:103 stop:recv fail.
Sep 27 05:39:57.253 - [DEBUG] remove conn_id:118
Sep 27 05:39:57.253 - [DEBUG] Conn session:fybvyium conn:114 stop:recv fail.
Sep 27 05:39:57.253 - [DEBUG] Conn session:fybvyium conn:111 stop:recv fail.
Sep 27 05:39:57.254 - [DEBUG] remove conn_id:119
Sep 27 05:39:57.254 - [DEBUG] remove conn_id:115
Sep 27 05:39:57.256 - [DEBUG] remove conn_id:102
Sep 27 05:39:57.256 - [DEBUG] remove conn_id:117
Sep 27 05:39:57.256 - [INFO] socks5 ('127.0.0.1', 60224) connect to clients4.google.com:443 conn_id:123
Sep 27 05:39:57.257 - [DEBUG] remove conn_id:104
Sep 27 05:39:57.257 - [DEBUG] remove conn_id:101
Sep 27 05:39:57.258 - [DEBUG] remove conn_id:116
Sep 27 05:39:57.258 - [DEBUG] remove conn_id:110
Sep 27 05:39:57.259 - [DEBUG] remove conn_id:100
Sep 27 05:39:57.259 - [DEBUG] remove conn_id:103
Sep 27 05:39:57.260 - [DEBUG] remove conn_id:114
Sep 27 05:39:57.261 - [DEBUG] remove conn_id:111
Sep 27 05:39:57.524 - [DEBUG] roundtrip time:273 cost:1 transfer_no:1504 send_sn:1472 send:25 recv_sn:0 rcv:11 status:200
Sep 27 05:39:57.528 - [DEBUG] roundtrip time:282 cost:1 transfer_no:1502 send_sn:1470 send:25 recv_sn:0 rcv:11 status:200
Sep 27 05:39:57.593 - [DEBUG] roundtrip time:345 cost:0 transfer_no:1503 send_sn:1471 send:25 recv_sn:0 rcv:11 status:200
Sep 27 05:39:57.783 - [DEBUG] roundtrip time:259 cost:0 transfer_no:1505 send_sn:1473 send:25 recv_sn:0 rcv:11 status:200
Sep 27 05:39:57.798 - [DEBUG] roundtrip time:269 cost:0 transfer_no:1506 send_sn:1474 send:25 recv_sn:0 rcv:11 status:200
Sep 27 05:39:57.856 - [DEBUG] roundtrip time:263 cost:0 transfer_no:1507 send_sn:1475 send:25 recv_sn:0 rcv:11 status:200
Sep 27 05:39:58.047 - [DEBUG] roundtrip time:263 cost:1 transfer_no:1508 send_sn:1476 send:25 recv_sn:0 rcv:11 status:200
Sep 27 05:39:58.070 - [DEBUG] roundtrip time:271 cost:3 transfer_no:1509 send_sn:1477 send:25 recv_sn:0 rcv:11 status:200
Sep 27 05:39:58.113 - [DEBUG] roundtrip time:256 cost:0 transfer_no:1510 send_sn:1478 send:25 recv_sn:0 rcv:11 status:200
Sep 27 05:39:58.369 - [DEBUG] roundtrip time:299 cost:1 transfer_no:1512 send_sn:1480 send:25 recv_sn:0 rcv:11 status:200
Sep 27 05:39:58.374 - [DEBUG] roundtrip time:327 cost:2 transfer_no:1511 send_sn:1479 send:25 recv_sn:0 rcv:11 status:200
Sep 27 05:39:58.429 - [DEBUG] roundtrip time:315 cost:1 transfer_no:1513 send_sn:1481 send:25 recv_sn:0 rcv:11 status:200
Sep 27 05:40:03.542 - [DEBUG] roundtrip time:14417 cost:12015 transfer_no:1485 send_sn:1453 send:60 recv_sn:0 rcv:11 status:200
Sep 27 05:40:03.579 - [DEBUG] roundtrip time:12844 cost:12008 transfer_no:1489 send_sn:1457 send:197 recv_sn:0 rcv:11 status:200
Sep 27 05:40:03.636 - [DEBUG] roundtrip time:14520 cost:12113 transfer_no:1483 send_sn:1451 send:1140 recv_sn:0 rcv:11 status:200
Sep 27 05:40:03.691 - [DEBUG] roundtrip time:12306 cost:12077 transfer_no:1490 send_sn:1458 send:60 recv_sn:0 rcv:11 status:200
Sep 27 05:40:03.784 - [DEBUG] roundtrip time:241 cost:1 transfer_no:1517 send_sn:1485 send:25 recv_sn:0 rcv:11 status:200
Sep 27 05:40:03.793 - [DEBUG] roundtrip time:12351 cost:12105 transfer_no:1491 send_sn:1459 send:299 recv_sn:0 rcv:11 status:200
Sep 27 05:40:03.818 - [DEBUG] roundtrip time:239 cost:1 transfer_no:1518 send_sn:1486 send:38 recv_sn:0 rcv:11 status:200
Sep 27 05:40:03.849 - [DEBUG] roundtrip time:5479 cost:0 transfer_no:1514 send_sn:1482 send:25 recv_sn:0 rcv:11 status:200
Sep 27 05:40:03.864 - [DEBUG] roundtrip time:14548 cost:12112 transfer_no:1486 send_sn:1454 send:195 recv_sn:0 rcv:11 status:200
Sep 27 05:40:03.887 - [DEBUG] roundtrip time:251 cost:1 transfer_no:1519 send_sn:1487 send:531 recv_sn:0 rcv:11 status:200
Sep 27 05:40:03.891 - [DEBUG] roundtrip time:12449 cost:12181 transfer_no:1492 send_sn:1460 send:479 recv_sn:1107 rcv:181 status:200
Sep 27 05:40:03.923 - [DEBUG] roundtrip time:232 cost:0 transfer_no:1520 send_sn:1488 send:195 recv_sn:0 rcv:11 status:200
Sep 27 05:40:04.022 - [DEBUG] roundtrip time:236 cost:0 transfer_no:1521 send_sn:1489 send:149 recv_sn:0 rcv:11 status:200
Sep 27 05:40:04.026 - [DEBUG] roundtrip time:233 cost:0 transfer_no:1522 send_sn:1490 send:135 recv_sn:0 rcv:11 status:200
Sep 27 05:40:04.031 - [DEBUG] roundtrip time:14915 cost:0 transfer_no:1484 send_sn:1452 send:1179 recv_sn:0 rcv:11 status:200
Sep 27 05:40:04.082 - [DEBUG] roundtrip time:5707 cost:0 transfer_no:1515 send_sn:1483 send:25 recv_sn:0 rcv:11 status:200
Sep 27 05:40:04.126 - [DEBUG] roundtrip time:307 cost:0 transfer_no:1523 send_sn:1491 send:331 recv_sn:1108 rcv:1450 status:200
Sep 27 05:40:04.129 - [DEBUG] roundtrip time:264 cost:0 transfer_no:1525 send_sn:1493 send:1180 recv_sn:0 rcv:11 status:200
Sep 27 05:40:04.134 - [DEBUG] roundtrip time:285 cost:0 transfer_no:1524 send_sn:1492 send:107 recv_sn:0 rcv:11 status:200
Sep 27 05:40:04.145 - [DEBUG] roundtrip time:257 cost:0 transfer_no:1526 send_sn:1494 send:1188 recv_sn:1110 rcv:253 status:200
Sep 27 05:40:04.146 - [DEBUG] roundtrip time:11332 cost:11090 transfer_no:1495 send_sn:1463 send:60 recv_sn:1111 rcv:200 status:200
Sep 27 05:40:04.148 - [DEBUG] roundtrip time:14437 cost:12048 transfer_no:1488 send_sn:1456 send:60 recv_sn:0 rcv:11 status:200
Sep 27 05:40:04.160 - [DEBUG] roundtrip time:9995 cost:9739 transfer_no:1497 send_sn:1465 send:60 recv_sn:1112 rcv:149 status:200
Sep 27 05:40:04.163 - [DEBUG] roundtrip time:271 cost:1 transfer_no:1527 send_sn:1495 send:1227 recv_sn:0 rcv:11 status:200
Sep 27 05:40:04.168 - [DEBUG] roundtrip time:12375 cost:12066 transfer_no:1493 send_sn:1461 send:60 recv_sn:1109 rcv:1296 status:200
Sep 27 05:40:04.179 - [DEBUG] roundtrip time:254 cost:0 transfer_no:1528 send_sn:1496 send:1183 recv_sn:0 rcv:11 status:200
Sep 27 05:40:04.180 - [DEBUG] roundtrip time:8592 cost:8356 transfer_no:1499 send_sn:1467 send:60 recv_sn:1113 rcv:149 status:200
Sep 27 05:40:04.336 - [DEBUG] roundtrip time:14961 cost:12177 transfer_no:1487 send_sn:1455 send:60 recv_sn:0 rcv:11 status:200
Sep 27 05:40:04.355 - [DEBUG] roundtrip time:328 cost:0 transfer_no:1530 send_sn:1498 send:1176 recv_sn:0 rcv:11 status:200
Sep 27 05:40:04.371 - [DEBUG] roundtrip time:340 cost:0 transfer_no:1531 send_sn:1499 send:1215 recv_sn:0 rcv:11 status:200
Sep 27 05:40:04.383 - [DEBUG] roundtrip time:236 cost:0 transfer_no:1536 send_sn:1504 send:60 recv_sn:0 rcv:11 status:200
Sep 27 05:40:04.383 - [DEBUG] roundtrip time:300 cost:1 transfer_no:1532 send_sn:1500 send:65 recv_sn:0 rcv:11 status:200
Sep 27 05:40:04.385 - [DEBUG] roundtrip time:7772 cost:7529 transfer_no:1500 send_sn:1468 send:196 recv_sn:1114 rcv:132 status:200
Sep 27 05:40:04.385 - [DEBUG] roundtrip time:237 cost:0 transfer_no:1537 send_sn:1505 send:299 recv_sn:0 rcv:11 status:200
Sep 27 05:40:04.393 - [DEBUG] roundtrip time:259 cost:0 transfer_no:1534 send_sn:1502 send:2216 recv_sn:0 rcv:11 status:200
Sep 27 05:40:04.395 - [DEBUG] roundtrip time:266 cost:0 transfer_no:1533 send_sn:1501 send:165 recv_sn:0 rcv:11 status:200
Sep 27 05:40:04.406 - [DEBUG] roundtrip time:256 cost:0 transfer_no:1538 send_sn:1506 send:496 recv_sn:0 rcv:11 status:200
Sep 27 05:40:04.407 - [DEBUG] roundtrip time:7378 cost:7068 transfer_no:1501 send_sn:1469 send:60 recv_sn:1115 rcv:71 status:200
Sep 27 05:40:04.417 - [DEBUG] roundtrip time:281 cost:0 transfer_no:1535 send_sn:1503 send:366 recv_sn:0 rcv:11 status:200
Sep 27 05:40:04.426 - [DEBUG] roundtrip time:265 cost:0 transfer_no:1539 send_sn:1507 send:375 recv_sn:0 rcv:11 status:200
Sep 27 05:40:04.427 - [DEBUG] roundtrip time:263 cost:0 transfer_no:1540 send_sn:1508 send:60 recv_sn:0 rcv:11 status:200
Sep 27 05:40:04.450 - [DEBUG] roundtrip time:233 cost:0 transfer_no:1542 send_sn:1510 send:1237 recv_sn:0 rcv:11 status:200
Sep 27 05:40:04.485 - [DEBUG] roundtrip time:258 cost:0 transfer_no:1543 send_sn:1511 send:298 recv_sn:1117 rcv:254 status:200
Sep 27 05:40:04.504 - [DEBUG] roundtrip time:289 cost:0 transfer_no:1541 send_sn:1509 send:1199 recv_sn:1116 rcv:1238 status:200
Sep 27 05:40:04.584 - [DEBUG] roundtrip time:562 cost:0 transfer_no:1529 send_sn:1497 send:1220 recv_sn:1119 rcv:71 status:200
Sep 27 05:40:04.603 - [DEBUG] roundtrip time:247 cost:0 transfer_no:1545 send_sn:1513 send:1242 recv_sn:1120 rcv:81 status:200
Sep 27 05:40:04.617 - [DEBUG] roundtrip time:231 cost:0 transfer_no:1546 send_sn:1514 send:52 recv_sn:1121 rcv:289 status:200
Sep 27 05:40:04.637 - [DEBUG] roundtrip time:301 cost:0 transfer_no:1544 send_sn:1512 send:1204 recv_sn:1118 rcv:1039 status:200
Sep 27 05:40:04.735 - [DEBUG] roundtrip time:224 cost:0 transfer_no:1547 send_sn:1515 send:60 recv_sn:1122 rcv:383 status:200
Sep 27 05:40:04.755 - [DEBUG] roundtrip time:238 cost:0 transfer_no:1548 send_sn:1516 send:195 recv_sn:1123 rcv:666 status:200
Sep 27 05:40:04.854 - [DEBUG] roundtrip time:16554 cost:12049 transfer_no:1480 send_sn:1448 send:60 recv_sn:0 rcv:11 status:200
Sep 27 05:40:04.869 - [DEBUG] roundtrip time:228 cost:0 transfer_no:1550 send_sn:1518 send:142 recv_sn:1124 rcv:548 status:200
Sep 27 05:40:04.871 - [DEBUG] roundtrip time:233 cost:0 transfer_no:1549 send_sn:1517 send:60 recv_sn:1125 rcv:273 status:200
Sep 27 05:40:05.005 - [DEBUG] roundtrip time:237 cost:0 transfer_no:1555 send_sn:1523 send:60 recv_sn:1130 rcv:190 status:200
Sep 27 05:40:05.011 - [DEBUG] roundtrip time:240 cost:0 transfer_no:1556 send_sn:1524 send:212 recv_sn:1131 rcv:71 status:200
Sep 27 05:40:05.055 - [DEBUG] roundtrip time:305 cost:0 transfer_no:1553 send_sn:1521 send:278 recv_sn:1129 rcv:1532 status:200
Sep 27 05:40:05.112 - [DEBUG] roundtrip time:240 cost:0 transfer_no:1557 send_sn:1525 send:60 recv_sn:1132 rcv:187 status:200
Sep 27 05:40:05.127 - [DEBUG] roundtrip time:486 cost:0 transfer_no:1551 send_sn:1519 send:1670 recv_sn:1126 rcv:319 status:200
Sep 27 05:40:05.261 - [DEBUG] roundtrip time:493 cost:0 transfer_no:1554 send_sn:1522 send:272 recv_sn:1128 rcv:149 status:200
Sep 27 05:40:05.332 - [DEBUG] roundtrip time:266 cost:0 transfer_no:1559 send_sn:1527 send:60 recv_sn:1133 rcv:527 status:200
Sep 27 05:40:05.348 - [DEBUG] roundtrip time:235 cost:0 transfer_no:1560 send_sn:1528 send:60 recv_sn:1135 rcv:842 status:200
Sep 27 05:40:05.368 - [DEBUG] roundtrip time:239 cost:7 transfer_no:1561 send_sn:1529 send:868 recv_sn:1136 rcv:71 status:200
Sep 27 05:40:05.373 - [DEBUG] roundtrip time:635 cost:0 transfer_no:1552 send_sn:1520 send:60 recv_sn:1127 rcv:273 status:200
Sep 27 05:40:05.406 - [DEBUG] roundtrip time:276 cost:43 transfer_no:1562 send_sn:1530 send:60 recv_sn:1137 rcv:717 status:200
Sep 27 05:40:05.502 - [DEBUG] roundtrip time:241 cost:0 transfer_no:1567 send_sn:1534 send:125 recv_sn:1139 rcv:820 status:200
Sep 27 05:40:05.572 - [DEBUG] roundtrip time:508 cost:0 transfer_no:1558 send_sn:1526 send:60 recv_sn:1134 rcv:316 status:200
Sep 27 05:40:05.619 - [DEBUG] roundtrip time:16784 cost:12195 transfer_no:1481 send_sn:1449 send:1137 recv_sn:0 rcv:11 status:200
Sep 27 05:40:05.621 - [DEBUG] roundtrip time:16786 cost:12098 transfer_no:1482 send_sn:1450 send:59 recv_sn:0 rcv:11 status:200
Sep 27 05:40:05.664 - [DEBUG] roundtrip time:533 cost:0 transfer_no:1563 send_sn:1531 send:198 recv_sn:1138 rcv:71 status:200
Sep 27 05:40:05.695 - [DEBUG] roundtrip time:563 cost:302 transfer_no:1564 send_sn:0 send:0 recv_sn:1140 rcv:590 status:200
Sep 27 05:40:05.702 - [DEBUG] roundtrip time:521 cost:272 transfer_no:1566 send_sn:1533 send:261 recv_sn:1141 rcv:364 status:200
Sep 27 05:40:05.703 - [DEBUG] roundtrip time:525 cost:278 transfer_no:1565 send_sn:1532 send:60 recv_sn:1142 rcv:128 status:200
Sep 27 05:40:06.013 - [DEBUG] roundtrip time:439 cost:212 transfer_no:1569 send_sn:1536 send:60 recv_sn:1145 rcv:149 status:200
Sep 27 05:40:06.016 - [DEBUG] roundtrip time:513 cost:283 transfer_no:1568 send_sn:1535 send:60 recv_sn:1143 rcv:200 status:200
Sep 27 05:40:06.016 - [DEBUG] roundtrip time:351 cost:112 transfer_no:1570 send_sn:1537 send:60 recv_sn:1144 rcv:149 status:200
Sep 27 05:40:06.031 - [DEBUG] roundtrip time:257 cost:0 transfer_no:1578 send_sn:1545 send:92 recv_sn:1146 rcv:337 status:200
Sep 27 05:40:06.048 - [DEBUG] roundtrip time:312 cost:57 transfer_no:1571 send_sn:1538 send:601 recv_sn:1147 rcv:149 status:200
Sep 27 05:40:06.102 - [DEBUG] roundtrip time:365 cost:116 transfer_no:1572 send_sn:1539 send:444 recv_sn:1148 rcv:460 status:200
Sep 27 05:40:07.689 - [DEBUG] roundtrip time:9259 cost:3 transfer_no:1516 send_sn:1484 send:25 recv_sn:0 rcv:11 status:200
Sep 27 05:40:08.810 - [DEBUG] roundtrip time:3049 cost:2801 transfer_no:1575 send_sn:1542 send:1160 recv_sn:1149 rcv:792 status:200
Sep 27 05:40:10.209 - [DEBUG] roundtrip time:4453 cost:4204 transfer_no:1574 send_sn:1541 send:1125 recv_sn:1150 rcv:326 status:200
Sep 27 05:40:11.316 - [DEBUG] roundtrip time:5562 cost:5305 transfer_no:1573 send_sn:1540 send:1086 recv_sn:1151 rcv:963 status:200
Sep 27 05:40:14.701 - [DEBUG] roundtrip time:8928 cost:8671 transfer_no:1577 send_sn:1544 send:190 recv_sn:1153 rcv:200 status:200
Sep 27 05:40:14.706 - [DEBUG] roundtrip time:8944 cost:8669 transfer_no:1576 send_sn:1543 send:1198 recv_sn:1154 rcv:273 status:200
Sep 27 05:40:14.710 - [DEBUG] roundtrip time:8677 cost:8386 transfer_no:1580 send_sn:1547 send:60 recv_sn:1155 rcv:149 status:200
Sep 27 05:40:14.713 - [DEBUG] roundtrip time:264 cost:0 transfer_no:1598 send_sn:1565 send:1120 recv_sn:0 rcv:11 status:200
Sep 27 05:40:14.715 - [DEBUG] roundtrip time:8694 cost:8153 transfer_no:1579 send_sn:1546 send:60 recv_sn:1156 rcv:149 status:200
Sep 27 05:40:14.720 - [DEBUG] roundtrip time:279 cost:0 transfer_no:1596 send_sn:1563 send:1109 recv_sn:0 rcv:11 status:200
Sep 27 05:40:14.769 - [DEBUG] roundtrip time:328 cost:0 transfer_no:1597 send_sn:1564 send:1148 recv_sn:1152 rcv:1829 status:200
Sep 27 05:40:14.827 - [DEBUG] roundtrip time:6474 cost:6231 transfer_no:1581 send_sn:1548 send:221 recv_sn:1157 rcv:977 status:200
Sep 27 05:40:14.949 - [DEBUG] roundtrip time:239 cost:0 transfer_no:1600 send_sn:1567 send:60 recv_sn:0 rcv:11 status:200
Sep 27 05:40:14.958 - [DEBUG] roundtrip time:256 cost:1 transfer_no:1599 send_sn:1566 send:1158 recv_sn:0 rcv:11 status:200
Sep 27 05:40:14.978 - [DEBUG] roundtrip time:6166 cost:5915 transfer_no:1582 send_sn:1549 send:60 recv_sn:1158 rcv:200 status:200
Sep 27 05:40:15.333 - [DEBUG] roundtrip time:5447 cost:5201 transfer_no:1584 send_sn:1551 send:722 recv_sn:1160 rcv:195 status:200
Sep 27 05:40:15.335 - [DEBUG] roundtrip time:5450 cost:5202 transfer_no:1583 send_sn:1550 send:200 recv_sn:1159 rcv:450 status:200
Sep 27 05:40:15.523 - [DEBUG] roundtrip time:5312 cost:5081 transfer_no:1585 send_sn:1552 send:60 recv_sn:1161 rcv:603 status:200
Sep 27 05:40:15.824 - [DEBUG] roundtrip time:276 cost:0 transfer_no:1611 send_sn:1578 send:364 recv_sn:0 rcv:11 status:200
Sep 27 05:40:15.830 - [DEBUG] roundtrip time:284 cost:0 transfer_no:1610 send_sn:1577 send:185 recv_sn:0 rcv:11 status:200
Sep 27 05:40:15.839 - [DEBUG] roundtrip time:273 cost:0 transfer_no:1612 send_sn:1579 send:1025 recv_sn:1162 rcv:350 status:200
Sep 27 05:40:15.844 - [DEBUG] roundtrip time:5001 cost:4753 transfer_no:1586 send_sn:1553 send:219 recv_sn:1163 rcv:200 status:200
Sep 27 05:40:15.925 - [DEBUG] roundtrip time:4608 cost:4376 transfer_no:1587 send_sn:1554 send:60 recv_sn:1164 rcv:465 status:200
Sep 27 05:40:16.095 - [DEBUG] roundtrip time:269 cost:0 transfer_no:1613 send_sn:1580 send:1062 recv_sn:0 rcv:11 status:200
Sep 27 05:40:16.096 - [DEBUG] roundtrip time:250 cost:0 transfer_no:1616 send_sn:1583 send:60 recv_sn:0 rcv:11 status:200
Sep 27 05:40:16.115 - [DEBUG] roundtrip time:1756 cost:1482 transfer_no:1590 send_sn:1557 send:1305 recv_sn:1165 rcv:149 status:200
Sep 27 05:40:16.117 - [DEBUG] roundtrip time:1757 cost:1511 transfer_no:1591 send_sn:1558 send:107 recv_sn:1166 rcv:149 status:200
Sep 27 05:40:16.117 - [DEBUG] roundtrip time:277 cost:0 transfer_no:1615 send_sn:1582 send:1135 recv_sn:0 rcv:11 status:200
Sep 27 05:40:16.119 - [DEBUG] roundtrip time:1774 cost:1513 transfer_no:1588 send_sn:1555 send:367 recv_sn:1167 rcv:149 status:200
Sep 27 05:40:16.130 - [DEBUG] roundtrip time:300 cost:0 transfer_no:1614 send_sn:1581 send:1098 recv_sn:0 rcv:11 status:200
Sep 27 05:40:16.155 - [DEBUG] roundtrip time:228 cost:0 transfer_no:1617 send_sn:1584 send:60 recv_sn:0 rcv:11 status:200
Sep 27 05:40:16.513 - [DEBUG] roundtrip time:2150 cost:1898 transfer_no:1592 send_sn:1559 send:188 recv_sn:1168 rcv:71 status:200
Sep 27 05:40:16.599 - [DEBUG] roundtrip time:2234 cost:1974 transfer_no:1593 send_sn:1560 send:123 recv_sn:1170 rcv:402 status:200
Sep 27 05:40:16.652 - [DEBUG] roundtrip time:2305 cost:1986 transfer_no:1589 send_sn:1556 send:611 recv_sn:1169 rcv:1828 status:200
Sep 27 05:40:18.096 - [DEBUG] roundtrip time:3667 cost:3336 transfer_no:1594 send_sn:1561 send:1097 recv_sn:1171 rcv:1166 status:200
Sep 27 05:40:19.042 - [DEBUG] roundtrip time:4611 cost:4336 transfer_no:1595 send_sn:1562 send:1134 recv_sn:1172 rcv:287 status:200
Sep 27 05:40:19.275 - [DEBUG] roundtrip time:4504 cost:4261 transfer_no:1601 send_sn:1568 send:60 recv_sn:1173 rcv:324 status:200
Sep 27 05:40:19.289 - [DEBUG] roundtrip time:263 cost:0 transfer_no:1627 send_sn:1594 send:1179 recv_sn:0 rcv:11 status:200
Sep 27 05:40:19.358 - [DEBUG] roundtrip time:315 cost:0 transfer_no:1628 send_sn:1595 send:60 recv_sn:0 rcv:11 status:200
Sep 27 05:40:19.384 - [DEBUG] roundtrip time:268 cost:0 transfer_no:1629 send_sn:1596 send:196 recv_sn:0 rcv:11 status:200
Sep 27 05:40:19.515 - [DEBUG] roundtrip time:238 cost:0 transfer_no:1630 send_sn:1597 send:60 recv_sn:1174 rcv:913 status:200
Sep 27 05:40:21.000 - [DEBUG] roundtrip time:6019 cost:5741 transfer_no:1602 send_sn:1569 send:60 recv_sn:1175 rcv:1306 status:200
Sep 27 05:40:21.780 - [DEBUG] roundtrip time:269 cost:1 transfer_no:1634 send_sn:1601 send:47 recv_sn:0 rcv:11 status:200
Sep 27 05:40:21.782 - [DEBUG] roundtrip time:6799 cost:6545 transfer_no:1603 send_sn:1570 send:199 recv_sn:1176 rcv:58 status:200
Sep 27 05:40:22.557 - [DEBUG] roundtrip time:7495 cost:7251 transfer_no:1604 send_sn:1571 send:403 recv_sn:1177 rcv:973 status:200
Sep 27 05:40:23.491 - [INFO] socks5 ('127.0.0.1', 60258) connect to play.google.com:443 conn_id:124
Sep 27 05:40:23.631 - [DEBUG] roundtrip time:266 cost:0 transfer_no:1638 send_sn:1605 send:223 recv_sn:0 rcv:11 status:200
Sep 27 05:40:23.638 - [DEBUG] roundtrip time:260 cost:0 transfer_no:1639 send_sn:1606 send:305 recv_sn:0 rcv:11 status:200
Sep 27 05:40:23.639 - [DEBUG] roundtrip time:276 cost:0 transfer_no:1637 send_sn:1604 send:206 recv_sn:0 rcv:11 status:200
Sep 27 05:40:23.807 - [DEBUG] roundtrip time:8731 cost:8430 transfer_no:1606 send_sn:1573 send:1168 recv_sn:1178 rcv:1507 status:200
Sep 27 05:40:23.890 - [DEBUG] roundtrip time:250 cost:3 transfer_no:1642 send_sn:1609 send:1189 recv_sn:0 rcv:11 status:200
Sep 27 05:40:23.896 - [DEBUG] roundtrip time:8822 cost:8567 transfer_no:1605 send_sn:1572 send:1130 recv_sn:1179 rcv:200 status:200
Sep 27 05:40:23.897 - [DEBUG] roundtrip time:266 cost:0 transfer_no:1640 send_sn:1607 send:107 recv_sn:0 rcv:11 status:200
Sep 27 05:40:23.955 - [DEBUG] roundtrip time:8615 cost:8378 transfer_no:1607 send_sn:1574 send:60 recv_sn:1180 rcv:239 status:200
Sep 27 05:40:24.072 - [DEBUG] roundtrip time:263 cost:0 transfer_no:1643 send_sn:1610 send:1226 recv_sn:0 rcv:11 status:200
Sep 27 05:40:24.075 - [DEBUG] roundtrip time:8736 cost:8494 transfer_no:1608 send_sn:1575 send:60 recv_sn:1181 rcv:149 status:200
Sep 27 05:40:24.137 - [DEBUG] roundtrip time:246 cost:0 transfer_no:1644 send_sn:1611 send:34 recv_sn:0 rcv:11 status:200
Sep 27 05:40:24.150 - [DEBUG] roundtrip time:253 cost:0 transfer_no:1645 send_sn:1612 send:531 recv_sn:0 rcv:11 status:200
Sep 27 05:40:24.174 - [DEBUG] roundtrip time:7947 cost:7699 transfer_no:1618 send_sn:1585 send:194 recv_sn:1183 rcv:149 status:200
Sep 27 05:40:24.189 - [DEBUG] roundtrip time:549 cost:0 transfer_no:1641 send_sn:1608 send:1093 recv_sn:0 rcv:11 status:200
Sep 27 05:40:24.208 - [DEBUG] roundtrip time:253 cost:1 transfer_no:1647 send_sn:1614 send:1221 recv_sn:0 rcv:11 status:200
Sep 27 05:40:24.210 - [DEBUG] roundtrip time:7940 cost:7702 transfer_no:1619 send_sn:1586 send:188 recv_sn:1184 rcv:149 status:200
Sep 27 05:40:24.336 - [DEBUG] roundtrip time:8065 cost:7825 transfer_no:1620 send_sn:1587 send:1708 recv_sn:1185 rcv:149 status:200
Sep 27 05:40:24.340 - [DEBUG] roundtrip time:266 cost:0 transfer_no:1648 send_sn:1615 send:1175 recv_sn:0 rcv:11 status:200
Sep 27 05:40:24.350 - [DEBUG] roundtrip time:274 cost:0 transfer_no:1649 send_sn:1616 send:1214 recv_sn:0 rcv:11 status:200
Sep 27 05:40:24.365 - [DEBUG] roundtrip time:7710 cost:7461 transfer_no:1622 send_sn:1589 send:60 recv_sn:1186 rcv:149 status:200
Sep 27 05:40:24.378 - [DEBUG] roundtrip time:240 cost:0 transfer_no:1650 send_sn:1617 send:134 recv_sn:0 rcv:11 status:200
Sep 27 05:40:24.392 - [DEBUG] roundtrip time:8846 cost:0 transfer_no:1609 send_sn:1576 send:297 recv_sn:1182 rcv:185 status:200
Sep 27 05:40:24.451 - [DEBUG] roundtrip time:300 cost:1 transfer_no:1651 send_sn:1618 send:60 recv_sn:1187 rcv:1134 status:200
Sep 27 05:40:24.459 - [DEBUG] roundtrip time:284 cost:0 transfer_no:1652 send_sn:1619 send:60 recv_sn:0 rcv:11 status:200
Sep 27 05:40:24.487 - [DEBUG] roundtrip time:588 cost:0 transfer_no:1646 send_sn:1613 send:1183 recv_sn:0 rcv:11 status:200
Sep 27 05:40:24.511 - [DEBUG] roundtrip time:7856 cost:7559 transfer_no:1621 send_sn:1588 send:60 recv_sn:1188 rcv:1309 status:200
Sep 27 05:40:24.632 - [DEBUG] roundtrip time:6961 cost:6693 transfer_no:1623 send_sn:1590 send:197 recv_sn:1189 rcv:94 status:200
Sep 27 05:40:24.638 - [DEBUG] roundtrip time:6541 cost:6281 transfer_no:1624 send_sn:1591 send:60 recv_sn:1190 rcv:63 status:200
Sep 27 05:40:24.761 - [DEBUG] roundtrip time:360 cost:1 transfer_no:1657 send_sn:1624 send:12365 recv_sn:1191 rcv:1232 status:200
Sep 27 05:40:24.817 - [DEBUG] roundtrip time:6156 cost:5842 transfer_no:1625 send_sn:1592 send:417 recv_sn:1192 rcv:1181 status:200
Sep 27 05:40:24.876 - [DEBUG] roundtrip time:5852 cost:5581 transfer_no:1626 send_sn:1593 send:1140 recv_sn:1193 rcv:830 status:200
Sep 27 05:40:25.191 - [DEBUG] roundtrip time:5674 cost:5442 transfer_no:1631 send_sn:1598 send:60 recv_sn:1194 rcv:71 status:200
Sep 27 05:40:25.230 - [DEBUG] roundtrip time:4689 cost:4417 transfer_no:1632 send_sn:1599 send:214 recv_sn:1195 rcv:731 status:200
Sep 27 05:40:25.420 - [DEBUG] roundtrip time:4417 cost:4127 transfer_no:1633 send_sn:1600 send:60 recv_sn:1196 rcv:1492 status:200
Sep 27 05:40:25.759 - [DEBUG] roundtrip time:3730 cost:3424 transfer_no:1635 send_sn:1602 send:222 recv_sn:1197 rcv:324 status:200
Sep 27 05:40:25.772 - [DEBUG] roundtrip time:268 cost:0 transfer_no:1673 send_sn:1640 send:1160 recv_sn:0 rcv:11 status:200
Sep 27 05:40:25.776 - [DEBUG] roundtrip time:285 cost:0 transfer_no:1672 send_sn:1639 send:1125 recv_sn:0 rcv:11 status:200
Sep 27 05:40:25.784 - [DEBUG] roundtrip time:3224 cost:2985 transfer_no:1636 send_sn:1603 send:60 recv_sn:1198 rcv:154 status:200
Sep 27 05:40:25.864 - [DEBUG] roundtrip time:1512 cost:1264 transfer_no:1653 send_sn:1620 send:204 recv_sn:1199 rcv:567 status:200
Sep 27 05:40:26.000 - [DEBUG] roundtrip time:1607 cost:1373 transfer_no:1654 send_sn:1621 send:230 recv_sn:1200 rcv:149 status:200
Sep 27 05:40:26.007 - [DEBUG] roundtrip time:246 cost:0 transfer_no:1674 send_sn:1641 send:1198 recv_sn:0 rcv:11 status:200
Sep 27 05:40:26.032 - [DEBUG] roundtrip time:259 cost:0 transfer_no:1675 send_sn:1642 send:134 recv_sn:0 rcv:11 status:200
Sep 27 05:40:26.046 - [DEBUG] roundtrip time:260 cost:0 transfer_no:1677 send_sn:1644 send:60 recv_sn:0 rcv:11 status:200
Sep 27 05:40:26.047 - [DEBUG] roundtrip time:269 cost:0 transfer_no:1676 send_sn:1643 send:290 recv_sn:0 rcv:11 status:200
Sep 27 05:40:26.055 - [DEBUG] roundtrip time:564 cost:1 transfer_no:1671 send_sn:1638 send:1087 recv_sn:0 rcv:11 status:200
Sep 27 05:40:26.094 - [DEBUG] roundtrip time:226 cost:1 transfer_no:1678 send_sn:1645 send:60 recv_sn:1201 rcv:256 status:200
Sep 27 05:40:26.259 - [DEBUG] roundtrip time:1861 cost:1622 transfer_no:1655 send_sn:1622 send:165 recv_sn:1202 rcv:797 status:200
Sep 27 05:40:28.219 - [DEBUG] roundtrip time:3820 cost:3515 transfer_no:1656 send_sn:1623 send:6937 recv_sn:1203 rcv:1098 status:200
Sep 27 05:40:28.717 - [DEBUG] roundtrip time:4256 cost:3944 transfer_no:1658 send_sn:1625 send:197 recv_sn:1204 rcv:1366 status:200
Sep 27 05:40:28.987 - [DEBUG] roundtrip time:4474 cost:4247 transfer_no:1659 send_sn:1626 send:60 recv_sn:1205 rcv:71 status:200
Sep 27 05:40:29.018 - [DEBUG] roundtrip time:278 cost:0 transfer_no:1687 send_sn:1654 send:59 recv_sn:0 rcv:11 status:200
Sep 27 05:40:29.025 - [DEBUG] roundtrip time:287 cost:0 transfer_no:1686 send_sn:1653 send:332 recv_sn:0 rcv:11 status:200
Sep 27 05:40:29.057 - [DEBUG] roundtrip time:266 cost:0 transfer_no:1688 send_sn:1655 send:1199 recv_sn:1206 rcv:323 status:200
Sep 27 05:40:29.063 - [DEBUG] roundtrip time:4244 cost:4006 transfer_no:1661 send_sn:1628 send:60 recv_sn:1208 rcv:71 status:200
Sep 27 05:40:29.067 - [DEBUG] roundtrip time:4434 cost:4195 transfer_no:1660 send_sn:1627 send:52 recv_sn:1207 rcv:154 status:200
Sep 27 05:40:29.168 - [DEBUG] roundtrip time:4236 cost:3967 transfer_no:1663 send_sn:1630 send:299 recv_sn:1210 rcv:71 status:200
Sep 27 05:40:29.216 - [DEBUG] roundtrip time:4338 cost:4036 transfer_no:1662 send_sn:1629 send:60 recv_sn:1209 rcv:1070 status:200
Sep 27 05:40:29.232 - [DEBUG] roundtrip time:245 cost:0 transfer_no:1689 send_sn:1656 send:1238 recv_sn:0 rcv:11 status:200
Sep 27 05:40:29.233 - [DEBUG] roundtrip time:4301 cost:4034 transfer_no:1664 send_sn:1631 send:60 recv_sn:1211 rcv:149 status:200
Sep 27 05:40:29.313 - [DEBUG] roundtrip time:241 cost:0 transfer_no:1694 send_sn:1661 send:60 recv_sn:0 rcv:11 status:200
Sep 27 05:40:29.316 - [DEBUG] roundtrip time:250 cost:0 transfer_no:1693 send_sn:1660 send:60 recv_sn:0 rcv:11 status:200
Sep 27 05:40:29.338 - [DEBUG] roundtrip time:4404 cost:4132 transfer_no:1665 send_sn:1632 send:199 recv_sn:0 rcv:11 status:200
Sep 27 05:40:29.340 - [DEBUG] roundtrip time:322 cost:0 transfer_no:1690 send_sn:1657 send:298 recv_sn:0 rcv:11 status:200
Sep 27 05:40:29.342 - [DEBUG] roundtrip time:283 cost:0 transfer_no:1692 send_sn:1659 send:1244 recv_sn:1213 rcv:149 status:200
Sep 27 05:40:29.345 - [DEBUG] roundtrip time:4364 cost:4109 transfer_no:1666 send_sn:1633 send:125 recv_sn:1214 rcv:382 status:200
Sep 27 05:40:29.346 - [DEBUG] roundtrip time:4113 cost:3878 transfer_no:1667 send_sn:1634 send:60 recv_sn:1215 rcv:195 status:200
Sep 27 05:40:29.353 - [DEBUG] roundtrip time:327 cost:0 transfer_no:1691 send_sn:1658 send:1205 recv_sn:1212 rcv:71 status:200
Sep 27 05:40:29.461 - [DEBUG] roundtrip time:243 cost:0 transfer_no:1695 send_sn:1662 send:60 recv_sn:0 rcv:11 status:200
Sep 27 05:40:29.483 - [DEBUG] roundtrip time:245 cost:0 transfer_no:1696 send_sn:1663 send:174 recv_sn:0 rcv:11 status:200
Sep 27 05:40:29.488 - [DEBUG] roundtrip time:4059 cost:3834 transfer_no:1668 send_sn:1635 send:60 recv_sn:1216 rcv:71 status:200
Sep 27 05:40:29.496 - [DEBUG] roundtrip time:256 cost:0 transfer_no:1697 send_sn:1664 send:60 recv_sn:0 rcv:11 status:200
Sep 27 05:40:29.507 - [DEBUG] roundtrip time:4037 cost:3768 transfer_no:1669 send_sn:1636 send:721 recv_sn:1217 rcv:187 status:200
Sep 27 05:40:29.510 - [DEBUG] roundtrip time:266 cost:0 transfer_no:1698 send_sn:1665 send:256 recv_sn:0 rcv:11 status:200
Sep 27 05:40:29.675 - [DEBUG] roundtrip time:4203 cost:3930 transfer_no:1670 send_sn:1637 send:444 recv_sn:1218 rcv:642 status:200
Sep 27 05:40:29.762 - [DEBUG] roundtrip time:246 cost:0 transfer_no:1703 send_sn:1670 send:405 recv_sn:1219 rcv:659 status:200
Sep 27 05:40:30.004 - [DEBUG] roundtrip time:3741 cost:3512 transfer_no:1679 send_sn:1646 send:60 recv_sn:1220 rcv:649 status:200
Sep 27 05:40:30.077 - [DEBUG] roundtrip time:2465 cost:2227 transfer_no:1680 send_sn:1647 send:219 recv_sn:1221 rcv:872 status:200
Sep 27 05:40:30.574 - [DEBUG] roundtrip time:2352 cost:2129 transfer_no:1681 send_sn:1648 send:60 recv_sn:1222 rcv:299 status:200
Sep 27 05:40:32.516 - [DEBUG] roundtrip time:269 cost:0 transfer_no:1715 send_sn:1682 send:123 recv_sn:0 rcv:11 status:200
Sep 27 05:40:32.599 - [DEBUG] roundtrip time:277 cost:0 transfer_no:1717 send_sn:1684 send:1135 recv_sn:0 rcv:11 status:200
Sep 27 05:40:32.633 - [DEBUG] roundtrip time:4354 cost:4060 transfer_no:1682 send_sn:1649 send:208 recv_sn:1223 rcv:1641 status:200
Sep 27 05:40:32.636 - [DEBUG] roundtrip time:3917 cost:3687 transfer_no:1683 send_sn:1650 send:60 recv_sn:1224 rcv:200 status:200
Sep 27 05:40:32.645 - [DEBUG] roundtrip time:3910 cost:3651 transfer_no:1684 send_sn:1651 send:346 recv_sn:1225 rcv:149 status:200
Sep 27 05:40:32.652 - [DEBUG] roundtrip time:332 cost:0 transfer_no:1716 send_sn:1683 send:1097 recv_sn:0 rcv:11 status:200
Sep 27 05:40:32.850 - [DEBUG] roundtrip time:333 cost:0 transfer_no:1718 send_sn:1685 send:1110 recv_sn:1226 rcv:1094 status:200
Sep 27 05:40:32.871 - [DEBUG] roundtrip time:272 cost:1 transfer_no:1719 send_sn:1686 send:1148 recv_sn:0 rcv:11 status:200
Sep 27 05:40:32.875 - [DEBUG] roundtrip time:3526 cost:3289 transfer_no:1699 send_sn:1666 send:60 recv_sn:1228 rcv:149 status:200
Sep 27 05:40:32.883 - [DEBUG] roundtrip time:243 cost:0 transfer_no:1721 send_sn:1688 send:1157 recv_sn:0 rcv:11 status:200
Sep 27 05:40:32.885 - [DEBUG] roundtrip time:239 cost:0 transfer_no:1722 send_sn:1689 send:60 recv_sn:0 rcv:11 status:200
Sep 27 05:40:32.887 - [DEBUG] roundtrip time:250 cost:0 transfer_no:1720 send_sn:1687 send:1119 recv_sn:0 rcv:11 status:200
Sep 27 05:40:32.893 - [DEBUG] roundtrip time:3537 cost:3298 transfer_no:1700 send_sn:1667 send:60 recv_sn:1229 rcv:149 status:200
Sep 27 05:40:32.894 - [DEBUG] roundtrip time:3529 cost:3281 transfer_no:1701 send_sn:1668 send:277 recv_sn:1230 rcv:149 status:200
Sep 27 05:40:32.912 - [DEBUG] roundtrip time:259 cost:0 transfer_no:1723 send_sn:1690 send:60 recv_sn:0 rcv:11 status:200
Sep 27 05:40:33.020 - [DEBUG] roundtrip time:4285 cost:0 transfer_no:1685 send_sn:1652 send:450 recv_sn:1227 rcv:154 status:200
Sep 27 05:40:33.159 - [DEBUG] roundtrip time:286 cost:0 transfer_no:1724 send_sn:1691 send:199 recv_sn:0 rcv:11 status:200
Sep 27 05:40:33.226 - [DEBUG] roundtrip time:243 cost:0 transfer_no:1727 send_sn:1694 send:1168 recv_sn:1231 rcv:323 status:200
Sep 27 05:40:33.234 - [DEBUG] roundtrip time:3724 cost:3495 transfer_no:1702 send_sn:1669 send:60 recv_sn:1233 rcv:149 status:200
Sep 27 05:40:33.244 - [DEBUG] roundtrip time:3567 cost:3323 transfer_no:1705 send_sn:1672 send:60 recv_sn:1232 rcv:195 status:200
Sep 27 05:40:33.379 - [DEBUG] roundtrip time:3708 cost:3467 transfer_no:1704 send_sn:1671 send:232 recv_sn:1234 rcv:849 status:200
Sep 27 05:40:33.679 - [DEBUG] roundtrip time:3915 cost:3688 transfer_no:1706 send_sn:1673 send:60 recv_sn:1235 rcv:149 status:200
Sep 27 05:40:33.681 - [DEBUG] roundtrip time:3674 cost:3447 transfer_no:1707 send_sn:1674 send:60 recv_sn:1236 rcv:71 status:200
Sep 27 05:40:33.693 - [DEBUG] roundtrip time:3615 cost:3371 transfer_no:1708 send_sn:1675 send:60 recv_sn:1237 rcv:149 status:200
Sep 27 05:40:33.708 - [DEBUG] roundtrip time:3457 cost:3205 transfer_no:1709 send_sn:1676 send:1007 recv_sn:1238 rcv:440 status:200
Sep 27 05:40:33.725 - [DEBUG] roundtrip time:3148 cost:2923 transfer_no:1710 send_sn:1677 send:60 recv_sn:1239 rcv:149 status:200
Sep 27 05:40:33.738 - [DEBUG] roundtrip time:283 cost:0 transfer_no:1736 send_sn:1703 send:1136 recv_sn:0 rcv:11 status:200
Sep 27 05:40:33.788 - [DEBUG] roundtrip time:1561 cost:1293 transfer_no:1711 send_sn:1678 send:1787 recv_sn:1240 rcv:255 status:200
Sep 27 05:40:34.342 - [DEBUG] roundtrip time:2101 cost:1788 transfer_no:1713 send_sn:1680 send:107 recv_sn:1241 rcv:1117 status:200
Sep 27 05:40:34.643 - [DEBUG] roundtrip time:2399 cost:2141 transfer_no:1714 send_sn:1681 send:187 recv_sn:1242 rcv:71 status:200
Sep 27 05:40:34.720 - [DEBUG] roundtrip time:1779 cost:1533 transfer_no:1725 send_sn:1692 send:513 recv_sn:1244 rcv:509 status:200
Sep 27 05:40:34.968 - [DEBUG] roundtrip time:2726 cost:0 transfer_no:1712 send_sn:1679 send:251 recv_sn:1243 rcv:796 status:200
Sep 27 05:40:35.492 - [DEBUG] roundtrip time:2509 cost:2260 transfer_no:1726 send_sn:1693 send:1129 recv_sn:1246 rcv:324 status:200
Sep 27 05:40:35.501 - [DEBUG] roundtrip time:292 cost:0 transfer_no:1747 send_sn:1714 send:1178 recv_sn:1245 rcv:322 status:200
Sep 27 05:40:35.624 - [DEBUG] roundtrip time:263 cost:0 transfer_no:1748 send_sn:1715 send:253 recv_sn:0 rcv:11 status:200
Sep 27 05:40:35.728 - [DEBUG] roundtrip time:233 cost:0 transfer_no:1749 send_sn:1716 send:60 recv_sn:0 rcv:11 status:200
Sep 27 05:40:35.739 - [DEBUG] roundtrip time:2510 cost:2227 transfer_no:1728 send_sn:1695 send:60 recv_sn:1247 rcv:1105 status:200
Sep 27 05:40:35.772 - [DEBUG] roundtrip time:269 cost:0 transfer_no:1750 send_sn:1717 send:60 recv_sn:0 rcv:11 status:200
Sep 27 05:40:37.144 - [DEBUG] roundtrip time:269 cost:0 transfer_no:1753 send_sn:1720 send:135 recv_sn:0 rcv:11 status:200
Sep 27 05:40:37.154 - [DEBUG] roundtrip time:266 cost:0 transfer_no:1755 send_sn:1722 send:107 recv_sn:0 rcv:11 status:200
Sep 27 05:40:37.162 - [DEBUG] roundtrip time:287 cost:0 transfer_no:1752 send_sn:1719 send:131 recv_sn:1248 rcv:1036 status:200
Sep 27 05:40:37.244 - [DEBUG] roundtrip time:3996 cost:3661 transfer_no:1729 send_sn:1696 send:60 recv_sn:1249 rcv:1854 status:200
Sep 27 05:40:37.401 - [DEBUG] roundtrip time:239 cost:0 transfer_no:1758 send_sn:1725 send:1227 recv_sn:0 rcv:11 status:200
Sep 27 05:40:37.428 - [DEBUG] roundtrip time:283 cost:0 transfer_no:1756 send_sn:1723 send:1093 recv_sn:0 rcv:11 status:200
Sep 27 05:40:37.433 - [DEBUG] roundtrip time:279 cost:0 transfer_no:1757 send_sn:1724 send:1188 recv_sn:0 rcv:11 status:200
Sep 27 05:40:37.440 - [DEBUG] roundtrip time:4036 cost:3781 transfer_no:1730 send_sn:1697 send:301 recv_sn:1250 rcv:324 status:200
Sep 27 05:40:37.442 - [DEBUG] roundtrip time:554 cost:0 transfer_no:1754 send_sn:1721 send:302 recv_sn:0 rcv:11 status:200
Sep 27 05:40:37.492 - [DEBUG] roundtrip time:4085 cost:3834 transfer_no:1732 send_sn:1699 send:301 recv_sn:1251 rcv:149 status:200
Sep 27 05:40:37.494 - [DEBUG] roundtrip time:247 cost:0 transfer_no:1759 send_sn:1726 send:1183 recv_sn:0 rcv:11 status:200
Sep 27 05:40:37.644 - [DEBUG] roundtrip time:243 cost:0 transfer_no:1760 send_sn:1727 send:1221 recv_sn:0 rcv:11 status:200
Sep 27 05:40:37.645 - [DEBUG] roundtrip time:4240 cost:3982 transfer_no:1731 send_sn:1698 send:186 recv_sn:1252 rcv:149 status:200
Sep 27 05:40:37.677 - [DEBUG] roundtrip time:236 cost:0 transfer_no:1763 send_sn:1730 send:60 recv_sn:0 rcv:11 status:200
Sep 27 05:40:37.688 - [DEBUG] roundtrip time:4244 cost:4008 transfer_no:1733 send_sn:1700 send:1025 recv_sn:1253 rcv:149 status:200
Sep 27 05:40:37.696 - [DEBUG] roundtrip time:263 cost:0 transfer_no:1762 send_sn:1729 send:1215 recv_sn:0 rcv:11 status:200
Sep 27 05:40:37.701 - [DEBUG] roundtrip time:4256 cost:4017 transfer_no:1734 send_sn:1701 send:1063 recv_sn:1254 rcv:195 status:200
Sep 27 05:40:37.703 - [DEBUG] roundtrip time:259 cost:0 transfer_no:1764 send_sn:1731 send:60 recv_sn:0 rcv:11 status:200
Sep 27 05:40:37.706 - [DEBUG] roundtrip time:276 cost:0 transfer_no:1761 send_sn:1728 send:1176 recv_sn:0 rcv:11 status:200
Sep 27 05:40:37.962 - [DEBUG] roundtrip time:4509 cost:4194 transfer_no:1735 send_sn:1702 send:1098 recv_sn:1255 rcv:1139 status:200
Sep 27 05:40:38.296 - [DEBUG] roundtrip time:4614 cost:4386 transfer_no:1737 send_sn:1704 send:60 recv_sn:1256 rcv:550 status:200
Sep 27 05:40:38.590 - [DEBUG] roundtrip time:291 cost:0 transfer_no:1769 send_sn:1736 send:60 recv_sn:1257 rcv:1253 status:200
Sep 27 05:40:38.671 - [DEBUG] roundtrip time:4960 cost:4724 transfer_no:1738 send_sn:1705 send:60 recv_sn:1258 rcv:684 status:200
Sep 27 05:40:38.711 - [DEBUG] roundtrip time:4809 cost:4558 transfer_no:1739 send_sn:1706 send:197 recv_sn:1259 rcv:676 status:200
Sep 27 05:40:38.813 - [DEBUG] roundtrip time:4468 cost:4219 transfer_no:1740 send_sn:1707 send:60 recv_sn:1260 rcv:830 status:200
Sep 27 05:40:39.166 - [DEBUG] roundtrip time:4785 cost:4528 transfer_no:1741 send_sn:1708 send:188 recv_sn:1263 rcv:71 status:200
Sep 27 05:40:39.172 - [DEBUG] roundtrip time:284 cost:0 transfer_no:1780 send_sn:1747 send:1160 recv_sn:0 rcv:11 status:200
Sep 27 05:40:39.174 - [DEBUG] roundtrip time:4792 cost:4530 transfer_no:1742 send_sn:1709 send:1707 recv_sn:1262 rcv:154 status:200
Sep 27 05:40:39.181 - [DEBUG] roundtrip time:302 cost:0 transfer_no:1778 send_sn:1745 send:1087 recv_sn:1261 rcv:314 status:200
Sep 27 05:40:39.198 - [DEBUG] roundtrip time:4228 cost:3995 transfer_no:1743 send_sn:1710 send:60 recv_sn:1264 rcv:429 status:200
Sep 27 05:40:39.215 - [DEBUG] roundtrip time:4122 cost:3851 transfer_no:1744 send_sn:1711 send:349 recv_sn:1266 rcv:149 status:200
Sep 27 05:40:39.221 - [DEBUG] roundtrip time:4128 cost:3866 transfer_no:1745 send_sn:1712 send:59 recv_sn:1265 rcv:149 status:200
Sep 27 05:40:39.230 - [DEBUG] roundtrip time:351 cost:0 transfer_no:1779 send_sn:1746 send:1125 recv_sn:0 rcv:11 status:200
Sep 27 05:40:39.439 - [DEBUG] roundtrip time:273 cost:0 transfer_no:1781 send_sn:1748 send:1197 recv_sn:0 rcv:11 status:200
Sep 27 05:40:39.440 - [DEBUG] roundtrip time:266 cost:0 transfer_no:1782 send_sn:1749 send:267 recv_sn:0 rcv:11 status:200
Sep 27 05:40:39.447 - [DEBUG] roundtrip time:269 cost:0 transfer_no:1783 send_sn:1750 send:60 recv_sn:0 rcv:11 status:200
Sep 27 05:40:39.458 - [DEBUG] roundtrip time:274 cost:0 transfer_no:1784 send_sn:1751 send:60 recv_sn:0 rcv:11 status:200
Sep 27 05:40:39.505 - [DEBUG] roundtrip time:2721 cost:2480 transfer_no:1751 send_sn:1718 send:196 recv_sn:1268 rcv:383 status:200
Sep 27 05:40:39.674 - [DEBUG] roundtrip time:4466 cost:0 transfer_no:1746 send_sn:1713 send:1141 recv_sn:1267 rcv:149 status:200
Sep 27 05:40:40.062 - [DEBUG] roundtrip time:2358 cost:2074 transfer_no:1765 send_sn:1732 send:60 recv_sn:1269 rcv:1470 status:200
Sep 27 05:40:41.203 - [DEBUG] roundtrip time:3239 cost:3009 transfer_no:1766 send_sn:1733 send:60 recv_sn:1270 rcv:787 status:200
Sep 27 05:40:41.432 - [DEBUG] roundtrip time:227 cost:0 transfer_no:1790 send_sn:1757 send:60 recv_sn:1271 rcv:1009 status:200
Sep 27 05:40:42.868 - [DEBUG] roundtrip time:4894 cost:4600 transfer_no:1767 send_sn:1734 send:195 recv_sn:1272 rcv:1201 status:200
Sep 27 05:40:43.309 - [DEBUG] roundtrip time:5125 cost:4865 transfer_no:1768 send_sn:1735 send:133 recv_sn:1273 rcv:803 status:200
Sep 27 05:40:43.636 - [DEBUG] roundtrip time:268 cost:0 transfer_no:1799 send_sn:1766 send:255 recv_sn:0 rcv:11 status:200
Sep 27 05:40:43.637 - [DEBUG] roundtrip time:272 cost:0 transfer_no:1798 send_sn:1765 send:186 recv_sn:0 rcv:11 status:200
Sep 27 05:40:43.646 - [DEBUG] roundtrip time:286 cost:0 transfer_no:1797 send_sn:1764 send:107 recv_sn:0 rcv:11 status:200
Sep 27 05:40:43.768 - [DEBUG] roundtrip time:5401 cost:5105 transfer_no:1770 send_sn:1737 send:298 recv_sn:1274 rcv:1634 status:200
Sep 27 05:40:43.868 - [DEBUG] roundtrip time:5500 cost:5194 transfer_no:1771 send_sn:1738 send:199 recv_sn:1275 rcv:1109 status:200
Sep 27 05:40:43.903 - [DEBUG] roundtrip time:5231 cost:5003 transfer_no:1773 send_sn:1740 send:60 recv_sn:1277 rcv:71 status:200
Sep 27 05:40:43.904 - [DEBUG] roundtrip time:5492 cost:5257 transfer_no:1772 send_sn:1739 send:125 recv_sn:1276 rcv:154 status:200
Sep 27 05:40:43.913 - [DEBUG] roundtrip time:274 cost:0 transfer_no:1801 send_sn:1768 send:1134 recv_sn:0 rcv:11 status:200
Sep 27 05:40:43.915 - [DEBUG] roundtrip time:277 cost:3 transfer_no:1800 send_sn:1767 send:1096 recv_sn:0 rcv:11 status:200
Sep 27 05:40:43.921 - [DEBUG] roundtrip time:5062 cost:4827 transfer_no:1775 send_sn:1742 send:372 recv_sn:1279 rcv:149 status:200
Sep 27 05:40:43.923 - [DEBUG] roundtrip time:277 cost:0 transfer_no:1802 send_sn:1769 send:1109 recv_sn:0 rcv:11 status:200
Sep 27 05:40:43.924 - [DEBUG] roundtrip time:5210 cost:4974 transfer_no:1774 send_sn:1741 send:60 recv_sn:1278 rcv:149 status:200
Sep 27 05:40:44.027 - [DEBUG] roundtrip time:256 cost:0 transfer_no:1803 send_sn:1770 send:1148 recv_sn:0 rcv:11 status:200
Sep 27 05:40:44.029 - [DEBUG] roundtrip time:5171 cost:4930 transfer_no:1776 send_sn:1743 send:279 recv_sn:1280 rcv:149 status:200
Sep 27 05:40:44.120 - [DEBUG] roundtrip time:250 cost:0 transfer_no:1804 send_sn:1771 send:1119 recv_sn:0 rcv:11 status:200
Sep 27 05:40:44.132 - [DEBUG] roundtrip time:5272 cost:5021 transfer_no:1777 send_sn:1744 send:420 recv_sn:1281 rcv:149 status:200
Sep 27 05:40:44.141 - [DEBUG] roundtrip time:4634 cost:4400 transfer_no:1785 send_sn:1752 send:60 recv_sn:1282 rcv:149 status:200
Sep 27 05:40:44.147 - [DEBUG] roundtrip time:243 cost:0 transfer_no:1805 send_sn:1772 send:1157 recv_sn:0 rcv:11 status:200
Sep 27 05:40:44.157 - [DEBUG] roundtrip time:235 cost:0 transfer_no:1809 send_sn:1776 send:60 recv_sn:0 rcv:11 status:200
Sep 27 05:40:44.194 - [DEBUG] roundtrip time:279 cost:0 transfer_no:1808 send_sn:1775 send:857 recv_sn:0 rcv:11 status:200
Sep 27 05:40:44.194 - [DEBUG] roundtrip time:279 cost:0 transfer_no:1807 send_sn:1774 send:268 recv_sn:0 rcv:11 status:200
Sep 27 05:40:44.200 - [DEBUG] roundtrip time:4590 cost:4348 transfer_no:1786 send_sn:1753 send:208 recv_sn:1283 rcv:71 status:200
Sep 27 05:40:44.209 - [DEBUG] roundtrip time:4146 cost:3869 transfer_no:1787 send_sn:1754 send:60 recv_sn:1284 rcv:671 status:200
Sep 27 05:40:44.337 - [DEBUG] roundtrip time:257 cost:0 transfer_no:1812 send_sn:1779 send:1130 recv_sn:0 rcv:11 status:200
Sep 27 05:40:44.339 - [DEBUG] roundtrip time:3632 cost:3395 transfer_no:1788 send_sn:1755 send:220 recv_sn:1285 rcv:195 status:200
Sep 27 05:40:44.346 - [DEBUG] roundtrip time:266 cost:0 transfer_no:1813 send_sn:1780 send:1168 recv_sn:0 rcv:11 status:200
Sep 27 05:40:44.357 - [DEBUG] roundtrip time:3272 cost:3020 transfer_no:1789 send_sn:1756 send:133 recv_sn:1286 rcv:149 status:200
Sep 27 05:40:44.366 - [DEBUG] roundtrip time:246 cost:0 transfer_no:1814 send_sn:1781 send:229 recv_sn:0 rcv:11 status:200
Sep 27 05:40:44.394 - [DEBUG] roundtrip time:261 cost:0 transfer_no:1815 send_sn:1782 send:188 recv_sn:0 rcv:11 status:200
Sep 27 05:40:44.427 - [DEBUG] roundtrip time:503 cost:0 transfer_no:1810 send_sn:1777 send:60 recv_sn:0 rcv:11 status:200
Sep 27 05:40:44.560 - [DEBUG] roundtrip time:543 cost:0 transfer_no:1811 send_sn:1778 send:198 recv_sn:0 rcv:11 status:200
Sep 27 05:40:46.013 - [DEBUG] roundtrip time:3558 cost:3322 transfer_no:1791 send_sn:1758 send:208 recv_sn:1287 rcv:154 status:200
Sep 27 05:40:46.019 - [DEBUG] roundtrip time:3148 cost:2914 transfer_no:1793 send_sn:1760 send:60 recv_sn:1288 rcv:195 status:200
Sep 27 05:40:48.135 - [DEBUG] roundtrip time:5269 cost:5011 transfer_no:1792 send_sn:1759 send:144 recv_sn:1289 rcv:71 status:200
Sep 27 05:40:48.227 - [DEBUG] roundtrip time:4915 cost:4676 transfer_no:1794 send_sn:1761 send:60 recv_sn:1291 rcv:443 status:200
Sep 27 05:40:48.237 - [DEBUG] roundtrip time:4889 cost:4625 transfer_no:1795 send_sn:1762 send:932 recv_sn:1290 rcv:851 status:200
Sep 27 05:40:48.474 - [DEBUG] roundtrip time:5114 cost:0 transfer_no:1796 send_sn:1763 send:251 recv_sn:1292 rcv:71 status:200
Sep 27 05:40:50.520 - [DEBUG] roundtrip time:6309 cost:6073 transfer_no:1816 send_sn:1783 send:60 recv_sn:1293 rcv:200 status:200
Sep 27 05:40:50.539 - [DEBUG] roundtrip time:6197 cost:5972 transfer_no:1817 send_sn:1784 send:60 recv_sn:1294 rcv:149 status:200
Sep 27 05:40:50.656 - [DEBUG] roundtrip time:5596 cost:5366 transfer_no:1818 send_sn:1785 send:211 recv_sn:1295 rcv:149 status:200
Sep 27 05:40:50.679 - [DEBUG] roundtrip time:4901 cost:4661 transfer_no:1820 send_sn:1787 send:1179 recv_sn:1296 rcv:149 status:200
Sep 27 05:40:50.681 - [DEBUG] roundtrip time:4657 cost:4115 transfer_no:1821 send_sn:1788 send:60 recv_sn:1298 rcv:149 status:200
Sep 27 05:40:50.682 - [DEBUG] roundtrip time:4905 cost:4661 transfer_no:1819 send_sn:1786 send:1140 recv_sn:1297 rcv:149 status:200
Sep 27 05:40:50.686 - [DEBUG] roundtrip time:275 cost:1 transfer_no:1835 send_sn:1802 send:1213 recv_sn:0 rcv:11 status:200
Sep 27 05:40:50.759 - [DEBUG] roundtrip time:236 cost:0 transfer_no:1836 send_sn:1803 send:60 recv_sn:0 rcv:11 status:200
Sep 27 05:40:50.940 - [DEBUG] roundtrip time:529 cost:0 transfer_no:1834 send_sn:1801 send:1175 recv_sn:0 rcv:11 status:200
Sep 27 05:40:53.294 - [INFO] socks5 ('127.0.0.1', 60300) connect to yt3.ggpht.com:443 conn_id:125
Sep 27 05:40:53.429 - [INFO] socks5 ('127.0.0.1', 60301) connect to i.ytimg.com:443 conn_id:126
Sep 27 05:40:53.536 - [DEBUG] roundtrip time:5644 cost:5406 transfer_no:1823 send_sn:1790 send:1719 recv_sn:1299 rcv:185 status:200
Sep 27 05:40:53.672 - [DEBUG] roundtrip time:5781 cost:5541 transfer_no:1822 send_sn:1789 send:188 recv_sn:1300 rcv:185 status:200
Sep 27 05:40:53.774 - [DEBUG] roundtrip time:5299 cost:5066 transfer_no:1824 send_sn:1791 send:60 recv_sn:1301 rcv:94 status:200
Sep 27 05:40:53.784 - [DEBUG] roundtrip time:3587 cost:3351 transfer_no:1826 send_sn:1793 send:135 recv_sn:1302 rcv:63 status:200
Sep 27 05:40:53.853 - [DEBUG] roundtrip time:3658 cost:3361 transfer_no:1825 send_sn:1792 send:131 recv_sn:1303 rcv:2667 status:200
Sep 27 05:40:53.937 - [DEBUG] roundtrip time:3729 cost:3470 transfer_no:1828 send_sn:1795 send:107 recv_sn:1304 rcv:94 status:200
Sep 27 05:40:53.946 - [DEBUG] roundtrip time:3739 cost:3472 transfer_no:1827 send_sn:1794 send:302 recv_sn:1305 rcv:63 status:200
Sep 27 05:40:53.950 - [DEBUG] roundtrip time:263 cost:0 transfer_no:1847 send_sn:1814 send:404 recv_sn:0 rcv:11 status:200
Sep 27 05:40:53.953 - [DEBUG] roundtrip time:268 cost:0 transfer_no:1846 send_sn:1813 send:56 recv_sn:0 rcv:11 status:200
Sep 27 05:40:53.962 - [DEBUG] roundtrip time:278 cost:0 transfer_no:1845 send_sn:1812 send:123 recv_sn:0 rcv:11 status:200
Sep 27 05:40:54.098 - [DEBUG] roundtrip time:243 cost:1 transfer_no:1849 send_sn:1816 send:60 recv_sn:0 rcv:11 status:200
Sep 27 05:40:54.200 - [DEBUG] roundtrip time:262 cost:0 transfer_no:1850 send_sn:1817 send:52 recv_sn:0 rcv:11 status:200
Sep 27 05:40:54.436 - [DEBUG] roundtrip time:4211 cost:3564 transfer_no:1829 send_sn:1796 send:1093 recv_sn:1307 rcv:60475 status:200
Sep 27 05:40:54.493 - [DEBUG] roundtrip time:719 cost:0 transfer_no:1848 send_sn:1815 send:52 recv_sn:1306 rcv:83391 status:200
Sep 27 05:40:56.067 - [INFO] socks5 ('127.0.0.1', 60304) connect to www.google.com.hk:443 conn_id:127
Sep 27 05:40:56.068 - [INFO] socks5 ('127.0.0.1', 60305) connect to ssl.gstatic.com:443 conn_id:128
Sep 27 05:40:56.078 - [INFO] socks5 ('127.0.0.1', 60306) connect to www.google.com:443 conn_id:129
Sep 27 05:40:56.186 - [INFO] socks5 ('127.0.0.1', 60307) connect to www.google.com.hk:443 conn_id:130
Sep 27 05:40:56.353 - [DEBUG] roundtrip time:6083 cost:5816 transfer_no:1831 send_sn:1798 send:1227 recv_sn:1309 rcv:181 status:200
Sep 27 05:40:56.356 - [DEBUG] roundtrip time:6088 cost:5825 transfer_no:1830 send_sn:1797 send:1189 recv_sn:1308 rcv:185 status:200
Sep 27 05:40:56.371 - [DEBUG] roundtrip time:292 cost:0 transfer_no:1857 send_sn:1824 send:531 recv_sn:0 rcv:11 status:200
Sep 27 05:40:56.421 - [DEBUG] roundtrip time:6025 cost:5762 transfer_no:1832 send_sn:1799 send:1183 recv_sn:1310 rcv:185 status:200
Sep 27 05:40:56.451 - [DEBUG] roundtrip time:263 cost:2 transfer_no:1858 send_sn:1825 send:36 recv_sn:0 rcv:11 status:200
Sep 27 05:40:56.470 - [DEBUG] roundtrip time:281 cost:0 transfer_no:1859 send_sn:1826 send:532 recv_sn:0 rcv:11 status:200
Sep 27 05:40:56.607 - [DEBUG] roundtrip time:3312 cost:3077 transfer_no:1837 send_sn:1804 send:32 recv_sn:1312 rcv:94 status:200
Sep 27 05:40:56.614 - [DEBUG] roundtrip time:258 cost:0 transfer_no:1860 send_sn:1827 send:65 recv_sn:0 rcv:11 status:200
Sep 27 05:40:56.657 - [DEBUG] roundtrip time:3361 cost:3116 transfer_no:1838 send_sn:1805 send:531 recv_sn:1313 rcv:63 status:200
Sep 27 05:40:56.674 - [DEBUG] roundtrip time:302 cost:2 transfer_no:1862 send_sn:1829 send:123 recv_sn:0 rcv:11 status:200
Sep 27 05:40:56.689 - [DEBUG] roundtrip time:266 cost:0 transfer_no:1863 send_sn:1830 send:56 recv_sn:0 rcv:11 status:200
Sep 27 05:40:56.707 - [DEBUG] roundtrip time:348 cost:0 transfer_no:1861 send_sn:1828 send:230 recv_sn:0 rcv:11 status:200
Sep 27 05:40:56.708 - [DEBUG] roundtrip time:3279 cost:3048 transfer_no:1839 send_sn:1806 send:30 recv_sn:1314 rcv:94 status:200
Sep 27 05:40:56.723 - [DEBUG] roundtrip time:272 cost:1 transfer_no:1864 send_sn:1831 send:393 recv_sn:0 rcv:11 status:200
Sep 27 05:40:56.735 - [DEBUG] roundtrip time:6338 cost:0 transfer_no:1833 send_sn:1800 send:1221 recv_sn:1311 rcv:185 status:200
Sep 27 05:40:56.738 - [DEBUG] roundtrip time:267 cost:0 transfer_no:1865 send_sn:1832 send:230 recv_sn:0 rcv:11 status:200
Sep 27 05:40:56.753 - [DEBUG] roundtrip time:3321 cost:3071 transfer_no:1840 send_sn:1807 send:531 recv_sn:1315 rcv:94 status:200
Sep 27 05:40:56.843 - [DEBUG] roundtrip time:235 cost:1 transfer_no:1866 send_sn:1833 send:123 recv_sn:0 rcv:11 status:200
Sep 27 05:40:56.844 - [DEBUG] roundtrip time:3302 cost:3064 transfer_no:1843 send_sn:1810 send:395 recv_sn:1317 rcv:63 status:200
Sep 27 05:40:56.895 - [DEBUG] roundtrip time:236 cost:0 transfer_no:1868 send_sn:1835 send:535 recv_sn:0 rcv:11 status:200
Sep 27 05:40:56.908 - [DEBUG] roundtrip time:3369 cost:3064 transfer_no:1841 send_sn:1808 send:230 recv_sn:1316 rcv:1265 status:200
Sep 27 05:40:56.958 - [DEBUG] roundtrip time:283 cost:0 transfer_no:1869 send_sn:1836 send:52 recv_sn:0 rcv:11 status:200
Sep 27 05:40:56.967 - [DEBUG] roundtrip time:352 cost:3 transfer_no:1867 send_sn:1834 send:56 recv_sn:0 rcv:11 status:200
Sep 27 05:40:56.968 - [DEBUG] roundtrip time:266 cost:1 transfer_no:1870 send_sn:1837 send:376 recv_sn:0 rcv:11 status:200
Sep 27 05:40:57.062 - [DEBUG] roundtrip time:2565 cost:2321 transfer_no:1851 send_sn:1818 send:60 recv_sn:1320 rcv:6100 status:200
Sep 27 05:40:57.127 - [DEBUG] roundtrip time:3453 cost:3095 transfer_no:1844 send_sn:1811 send:230 recv_sn:1319 rcv:11573 status:200
Sep 27 05:40:57.218 - [DEBUG] roundtrip time:3677 cost:0 transfer_no:1842 send_sn:1809 send:165 recv_sn:1318 rcv:94 status:200
Sep 27 05:40:57.280 - [INFO] socks5 ('127.0.0.1', 60310) connect to ssl.gstatic.com:443 conn_id:131
Sep 27 05:40:57.538 - [DEBUG] roundtrip time:1469 cost:1201 transfer_no:1854 send_sn:1821 send:532 recv_sn:1321 rcv:181 status:200
Sep 27 05:40:57.785 - [DEBUG] roundtrip time:1715 cost:1435 transfer_no:1855 send_sn:1822 send:531 recv_sn:1323 rcv:94 status:200
Sep 27 05:40:57.789 - [DEBUG] roundtrip time:1722 cost:1450 transfer_no:1852 send_sn:1819 send:36 recv_sn:1324 rcv:63 status:200
Sep 27 05:40:57.873 - [DEBUG] roundtrip time:1794 cost:1465 transfer_no:1856 send_sn:1823 send:33 recv_sn:1325 rcv:1334 status:200
Sep 27 05:40:58.397 - [DEBUG] roundtrip time:318 cost:0 transfer_no:1889 send_sn:1856 send:151 recv_sn:0 rcv:11 status:200
Sep 27 05:40:58.405 - [DEBUG] roundtrip time:342 cost:0 transfer_no:1888 send_sn:1855 send:163 recv_sn:0 rcv:11 status:200
Sep 27 05:40:58.418 - [DEBUG] roundtrip time:1664 cost:1417 transfer_no:1872 send_sn:1839 send:52 recv_sn:1328 rcv:71 status:200
Sep 27 05:40:58.459 - [DEBUG] roundtrip time:1723 cost:1421 transfer_no:1871 send_sn:1838 send:230 recv_sn:1327 rcv:5423 status:200
Sep 27 05:40:58.478 - [DEBUG] roundtrip time:2409 cost:0 transfer_no:1853 send_sn:1820 send:34 recv_sn:1322 rcv:597 status:200
Sep 27 05:40:58.599 - [DEBUG] roundtrip time:503 cost:0 transfer_no:1890 send_sn:1857 send:138 recv_sn:1326 rcv:15005 status:200
Sep 27 05:40:58.658 - [DEBUG] roundtrip time:260 cost:0 transfer_no:1891 send_sn:1858 send:138 recv_sn:0 rcv:11 status:200
Sep 27 05:40:58.670 - [DEBUG] roundtrip time:252 cost:0 transfer_no:1893 send_sn:1860 send:251 recv_sn:0 rcv:11 status:200
Sep 27 05:40:58.675 - [DEBUG] roundtrip time:269 cost:0 transfer_no:1892 send_sn:1859 send:56 recv_sn:0 rcv:11 status:200
Sep 27 05:40:58.701 - [DEBUG] roundtrip time:240 cost:0 transfer_no:1894 send_sn:1861 send:274 recv_sn:0 rcv:11 status:200
Sep 27 05:40:58.705 - [DEBUG] roundtrip time:1575 cost:1279 transfer_no:1874 send_sn:1841 send:60 recv_sn:1330 rcv:1928 status:200
Sep 27 05:40:58.741 - [DEBUG] roundtrip time:263 cost:0 transfer_no:1895 send_sn:1862 send:60 recv_sn:0 rcv:11 status:200
Sep 27 05:40:58.785 - [DEBUG] roundtrip time:1875 cost:1412 transfer_no:1873 send_sn:1840 send:60 recv_sn:1329 rcv:59098 status:200
Sep 27 05:40:58.859 - [DEBUG] roundtrip time:1667 cost:1431 transfer_no:1875 send_sn:1842 send:197 recv_sn:1331 rcv:131 status:200
Sep 27 05:40:58.860 - [DEBUG] roundtrip time:259 cost:0 transfer_no:1896 send_sn:1863 send:60 recv_sn:0 rcv:11 status:200
Sep 27 05:40:58.984 - [DEBUG] roundtrip time:15079 cost:0 transfer_no:1806 send_sn:1773 send:398 recv_sn:0 rcv:11 status:200
Sep 27 05:40:59.114 - [DEBUG] roundtrip time:1833 cost:1552 transfer_no:1876 send_sn:1843 send:34 recv_sn:1332 rcv:2648 status:200
Sep 27 05:40:59.211 - [DEBUG] roundtrip time:1928 cost:1626 transfer_no:1877 send_sn:1844 send:531 recv_sn:1333 rcv:1357 status:200
Sep 27 05:40:59.254 - [DEBUG] roundtrip time:1965 cost:1725 transfer_no:1878 send_sn:1845 send:56 recv_sn:1334 rcv:829 status:200
Sep 27 05:40:59.620 - [DEBUG] roundtrip time:2327 cost:2025 transfer_no:1879 send_sn:1846 send:198 recv_sn:1335 rcv:1062 status:200
Sep 27 05:40:59.817 - [DEBUG] roundtrip time:2277 cost:1990 transfer_no:1880 send_sn:1847 send:65 recv_sn:1336 rcv:1329 status:200
Sep 27 05:40:59.981 - [DEBUG] roundtrip time:2438 cost:2183 transfer_no:1881 send_sn:1848 send:123 recv_sn:1337 rcv:71 status:200
Sep 27 05:41:00.031 - [DEBUG] roundtrip time:290 cost:0 transfer_no:1904 send_sn:1871 send:449 recv_sn:1338 rcv:1138 status:200
Sep 27 05:41:00.037 - [DEBUG] roundtrip time:290 cost:0 transfer_no:1908 send_sn:1875 send:59 recv_sn:0 rcv:11 status:200
Sep 27 05:41:00.042 - [DEBUG] roundtrip time:2496 cost:2230 transfer_no:1883 send_sn:1850 send:383 recv_sn:1341 rcv:71 status:200
Sep 27 05:41:00.044 - [DEBUG] roundtrip time:2500 cost:2234 transfer_no:1882 send_sn:1849 send:56 recv_sn:1340 rcv:154 status:200
Sep 27 05:41:00.050 - [DEBUG] roundtrip time:270 cost:0 transfer_no:1909 send_sn:1876 send:1199 recv_sn:1339 rcv:255 status:200
Sep 27 05:41:00.069 - [DEBUG] roundtrip time:2282 cost:2036 transfer_no:1884 send_sn:1851 send:52 recv_sn:1343 rcv:149 status:200
Sep 27 05:41:00.070 - [DEBUG] roundtrip time:2194 cost:1947 transfer_no:1885 send_sn:1852 send:60 recv_sn:1344 rcv:71 status:200
Sep 27 05:41:00.071 - [DEBUG] roundtrip time:254 cost:0 transfer_no:1911 send_sn:1878 send:298 recv_sn:0 rcv:11 status:200
Sep 27 05:41:00.091 - [DEBUG] roundtrip time:2031 cost:1715 transfer_no:1886 send_sn:1853 send:369 recv_sn:1345 rcv:382 status:200
Sep 27 05:41:00.113 - [DEBUG] roundtrip time:490 cost:266 transfer_no:1899 send_sn:1866 send:60 recv_sn:1349 rcv:236 status:200
Sep 27 05:41:00.116 - [DEBUG] roundtrip time:2054 cost:1722 transfer_no:1887 send_sn:1854 send:179 recv_sn:1346 rcv:750 status:200
Sep 27 05:41:00.118 - [DEBUG] roundtrip time:766 cost:514 transfer_no:1898 send_sn:1865 send:160 recv_sn:1348 rcv:363 status:200
Sep 27 05:41:00.167 - [DEBUG] roundtrip time:1049 cost:752 transfer_no:1897 send_sn:1864 send:60 recv_sn:1347 rcv:1066 status:200
Sep 27 05:41:00.241 - [DEBUG] roundtrip time:259 cost:0 transfer_no:1912 send_sn:1879 send:1205 recv_sn:0 rcv:11 status:200
Sep 27 05:41:00.247 - [DEBUG] roundtrip time:543 cost:304 transfer_no:1900 send_sn:1867 send:195 recv_sn:1350 rcv:149 status:200
Sep 27 05:41:00.326 - [DEBUG] roundtrip time:293 cost:0 transfer_no:1913 send_sn:1880 send:1243 recv_sn:0 rcv:11 status:200
Sep 27 05:41:00.339 - [DEBUG] roundtrip time:602 cost:364 transfer_no:1901 send_sn:1868 send:346 recv_sn:1351 rcv:149 status:200
Sep 27 05:41:00.343 - [DEBUG] roundtrip time:270 cost:0 transfer_no:1919 send_sn:1886 send:1243 recv_sn:0 rcv:11 status:200
Sep 27 05:41:00.346 - [DEBUG] roundtrip time:253 cost:0 transfer_no:1921 send_sn:1888 send:60 recv_sn:0 rcv:11 status:200
Sep 27 05:41:00.346 - [DEBUG] roundtrip time:274 cost:0 transfer_no:1918 send_sn:1885 send:1206 recv_sn:0 rcv:11 status:200
Sep 27 05:41:00.346 - [DEBUG] roundtrip time:233 cost:0 transfer_no:1922 send_sn:1889 send:60 recv_sn:0 rcv:11 status:200
Sep 27 05:41:00.350 - [DEBUG] roundtrip time:606 cost:370 transfer_no:1905 send_sn:1872 send:256 recv_sn:1352 rcv:149 status:200
Sep 27 05:41:00.351 - [DEBUG] roundtrip time:308 cost:0 transfer_no:1915 send_sn:1882 send:1199 recv_sn:0 rcv:11 status:200
Sep 27 05:41:00.355 - [DEBUG] roundtrip time:309 cost:0 transfer_no:1916 send_sn:1883 send:1238 recv_sn:0 rcv:11 status:200
Sep 27 05:41:00.359 - [DEBUG] roundtrip time:618 cost:378 transfer_no:1903 send_sn:1870 send:181 recv_sn:1354 rcv:149 status:200
Sep 27 05:41:00.361 - [DEBUG] roundtrip time:309 cost:0 transfer_no:1917 send_sn:1884 send:252 recv_sn:0 rcv:11 status:200
Sep 27 05:41:00.367 - [DEBUG] roundtrip time:330 cost:0 transfer_no:1914 send_sn:1881 send:60 recv_sn:0 rcv:11 status:200
Sep 27 05:41:00.376 - [DEBUG] roundtrip time:257 cost:0 transfer_no:1923 send_sn:1890 send:278 recv_sn:0 rcv:11 status:200
Sep 27 05:41:00.401 - [DEBUG] roundtrip time:233 cost:0 transfer_no:1924 send_sn:1891 send:60 recv_sn:0 rcv:11 status:200
Sep 27 05:41:00.582 - [DEBUG] roundtrip time:509 cost:0 transfer_no:1920 send_sn:1887 send:60 recv_sn:0 rcv:11 status:200
Sep 27 05:41:00.603 - [DEBUG] roundtrip time:822 cost:0 transfer_no:1910 send_sn:1877 send:1238 recv_sn:1342 rcv:254 status:200
Sep 27 05:41:00.609 - [DEBUG] roundtrip time:872 cost:0 transfer_no:1902 send_sn:1869 send:450 recv_sn:1353 rcv:319 status:200
Sep 27 05:41:00.681 - [DEBUG] roundtrip time:936 cost:0 transfer_no:1907 send_sn:1874 send:253 recv_sn:1356 rcv:706 status:200
Sep 27 05:41:00.850 - [DEBUG] roundtrip time:1106 cost:0 transfer_no:1906 send_sn:1873 send:59 recv_sn:1355 rcv:398 status:200
Sep 27 05:41:00.971 - [DEBUG] roundtrip time:358 cost:78 transfer_no:1925 send_sn:1892 send:60 recv_sn:1357 rcv:71 status:200
Sep 27 05:41:00.992 - [DEBUG] roundtrip time:255 cost:28 transfer_no:1928 send_sn:1895 send:174 recv_sn:1358 rcv:149 status:200
Sep 27 05:41:00.996 - [DEBUG] roundtrip time:273 cost:25 transfer_no:1927 send_sn:1894 send:60 recv_sn:1359 rcv:118 status:200
Sep 27 05:41:01.066 - [DEBUG] roundtrip time:326 cost:78 transfer_no:1929 send_sn:1896 send:211 recv_sn:1361 rcv:837 status:200
Sep 27 05:41:01.082 - [DEBUG] roundtrip time:230 cost:0 transfer_no:1933 send_sn:1900 send:60 recv_sn:1362 rcv:812 status:200
Sep 27 05:41:01.229 - [DEBUG] roundtrip time:452 cost:160 transfer_no:1930 send_sn:1897 send:297 recv_sn:1363 rcv:1469 status:200
Sep 27 05:41:01.385 - [DEBUG] roundtrip time:661 cost:0 transfer_no:1926 send_sn:1893 send:174 recv_sn:1360 rcv:71 status:200
Sep 27 05:41:01.494 - [DEBUG] roundtrip time:714 cost:473 transfer_no:1932 send_sn:1899 send:123 recv_sn:1365 rcv:572 status:200
Sep 27 05:41:01.539 - [DEBUG] roundtrip time:681 cost:423 transfer_no:1934 send_sn:1901 send:278 recv_sn:1366 rcv:854 status:200
Sep 27 05:41:01.547 - [DEBUG] roundtrip time:553 cost:327 transfer_no:1935 send_sn:1902 send:60 recv_sn:1367 rcv:537 status:200
Sep 27 05:41:01.570 - [DEBUG] roundtrip time:560 cost:310 transfer_no:1937 send_sn:1904 send:500 recv_sn:1369 rcv:80 status:200
Sep 27 05:41:01.575 - [DEBUG] roundtrip time:567 cost:311 transfer_no:1936 send_sn:1903 send:222 recv_sn:1368 rcv:411 status:200
Sep 27 05:41:01.674 - [DEBUG] roundtrip time:897 cost:0 transfer_no:1931 send_sn:1898 send:60 recv_sn:1364 rcv:71 status:200
Sep 27 05:41:01.988 - [DEBUG] roundtrip time:904 cost:626 transfer_no:1938 send_sn:1905 send:60 recv_sn:1371 rcv:355 status:200
Sep 27 05:41:02.004 - [DEBUG] roundtrip time:794 cost:557 transfer_no:1939 send_sn:1906 send:188 recv_sn:1370 rcv:608 status:200
Sep 27 05:41:02.384 - [DEBUG] roundtrip time:1174 cost:0 transfer_no:1940 send_sn:1907 send:2283 recv_sn:1372 rcv:920 status:200
Sep 27 05:41:04.071 - [DEBUG] roundtrip time:2840 cost:2612 transfer_no:1941 send_sn:1908 send:60 recv_sn:1373 rcv:541 status:200
Sep 27 05:41:05.076 - [DEBUG] roundtrip time:3690 cost:3461 transfer_no:1942 send_sn:1909 send:60 recv_sn:1374 rcv:287 status:200
Sep 27 05:41:06.702 - [DEBUG] Conn session:fybvyium conn:128 stop:recv fail.
Sep 27 05:41:06.703 - [DEBUG] remove conn_id:128
Sep 27 05:41:06.707 - [INFO] socks5 ('127.0.0.1', 60332) connect to www.youtube.com:443 conn_id:132
Sep 27 05:41:06.968 - [DEBUG] roundtrip time:5291 cost:5071 transfer_no:1944 send_sn:1911 send:142 recv_sn:1375 rcv:185 status:200
Sep 27 05:41:07.090 - [DEBUG] roundtrip time:5414 cost:5177 transfer_no:1943 send_sn:1910 send:60 recv_sn:1376 rcv:323 status:200
Sep 27 05:41:07.215 - [DEBUG] roundtrip time:5537 cost:5303 transfer_no:1945 send_sn:1912 send:1350 recv_sn:1377 rcv:94 status:200
Sep 27 05:41:07.242 - [DEBUG] roundtrip time:5544 cost:5308 transfer_no:1946 send_sn:1913 send:201 recv_sn:1378 rcv:63 status:200
Sep 27 05:41:07.273 - [DEBUG] roundtrip time:289 cost:0 transfer_no:1963 send_sn:1930 send:3051 recv_sn:0 rcv:11 status:200
Sep 27 05:41:07.301 - [DEBUG] roundtrip time:5294 cost:5060 transfer_no:1947 send_sn:1914 send:60 recv_sn:1379 rcv:622 status:200
Sep 27 05:41:07.352 - [DEBUG] roundtrip time:260 cost:1 transfer_no:1964 send_sn:1931 send:60 recv_sn:0 rcv:11 status:200
Sep 27 05:41:07.442 - [DEBUG] roundtrip time:225 cost:0 transfer_no:1965 send_sn:1932 send:52 recv_sn:0 rcv:11 status:200
Sep 27 05:41:14.710 - [DEBUG] roundtrip time:12325 cost:12088 transfer_no:1948 send_sn:1915 send:60 recv_sn:0 rcv:11 status:200
Sep 27 05:41:15.375 - [DEBUG] Conn session:fybvyium conn:130 stop:recv fail.
Sep 27 05:41:15.375 - [DEBUG] remove conn_id:130
Sep 27 05:41:15.381 - [INFO] socks5 ('127.0.0.1', 60341) connect to s.youtube.com:443 conn_id:133
Sep 27 05:41:15.384 - [INFO] socks5 ('127.0.0.1', 60342) connect to s.youtube.com:443 conn_id:134
Sep 27 05:41:15.635 - [DEBUG] roundtrip time:250 cost:0 transfer_no:1972 send_sn:1939 send:531 recv_sn:0 rcv:11 status:200
Sep 27 05:41:15.643 - [DEBUG] roundtrip time:11939 cost:11683 transfer_no:1950 send_sn:1917 send:189 recv_sn:1380 rcv:185 status:200
Sep 27 05:41:15.667 - [DEBUG] roundtrip time:279 cost:3 transfer_no:1973 send_sn:1940 send:531 recv_sn:0 rcv:11 status:200
Sep 27 05:41:15.887 - [DEBUG] roundtrip time:244 cost:0 transfer_no:1975 send_sn:1942 send:56 recv_sn:0 rcv:11 status:200
Sep 27 05:41:15.890 - [DEBUG] roundtrip time:255 cost:0 transfer_no:1974 send_sn:1941 send:271 recv_sn:0 rcv:11 status:200
Sep 27 05:41:15.922 - [DEBUG] roundtrip time:11850 cost:11598 transfer_no:1952 send_sn:1919 send:60 recv_sn:1383 rcv:94 status:200
Sep 27 05:41:15.946 - [DEBUG] roundtrip time:279 cost:2 transfer_no:1976 send_sn:1943 send:230 recv_sn:0 rcv:11 status:200
Sep 27 05:41:15.950 - [DEBUG] roundtrip time:12246 cost:0 transfer_no:1951 send_sn:1918 send:444 recv_sn:1381 rcv:185 status:200
Sep 27 05:41:15.959 - [DEBUG] roundtrip time:575 cost:0 transfer_no:1971 send_sn:1938 send:32 recv_sn:0 rcv:11 status:200
Sep 27 05:41:16.142 - [DEBUG] roundtrip time:254 cost:0 transfer_no:1977 send_sn:1944 send:123 recv_sn:0 rcv:11 status:200
Sep 27 05:41:16.145 - [DEBUG] roundtrip time:254 cost:0 transfer_no:1978 send_sn:1945 send:56 recv_sn:0 rcv:11 status:200
Sep 27 05:41:16.155 - [DEBUG] roundtrip time:11460 cost:11191 transfer_no:1953 send_sn:1920 send:273 recv_sn:1384 rcv:63 status:200
Sep 27 05:41:16.167 - [DEBUG] roundtrip time:12463 cost:0 transfer_no:1949 send_sn:1916 send:441 recv_sn:1382 rcv:71 status:200
Sep 27 05:41:16.184 - [DEBUG] roundtrip time:233 cost:0 transfer_no:1981 send_sn:1948 send:52 recv_sn:0 rcv:11 status:200
Sep 27 05:41:16.186 - [DEBUG] roundtrip time:263 cost:0 transfer_no:1979 send_sn:1946 send:1514 recv_sn:0 rcv:11 status:200
Sep 27 05:41:16.215 - [DEBUG] roundtrip time:11138 cost:10876 transfer_no:1955 send_sn:1922 send:60 recv_sn:1386 rcv:75 status:200
Sep 27 05:41:16.217 - [DEBUG] roundtrip time:270 cost:0 transfer_no:1980 send_sn:1947 send:485 recv_sn:0 rcv:11 status:200
Sep 27 05:41:16.230 - [DEBUG] roundtrip time:270 cost:1 transfer_no:1982 send_sn:1949 send:230 recv_sn:0 rcv:11 status:200
Sep 27 05:41:16.240 - [DEBUG] roundtrip time:9539 cost:9276 transfer_no:1956 send_sn:1923 send:1459 recv_sn:1387 rcv:94 status:200
Sep 27 05:41:16.421 - [DEBUG] roundtrip time:11726 cost:0 transfer_no:1954 send_sn:1921 send:93 recv_sn:1385 rcv:393 status:200
Sep 27 05:41:19.036 - [DEBUG] roundtrip time:12326 cost:12070 transfer_no:1958 send_sn:1925 send:34 recv_sn:0 rcv:11 status:200
Sep 27 05:41:19.134 - [DEBUG] roundtrip time:12424 cost:12166 transfer_no:1959 send_sn:1926 send:531 recv_sn:0 rcv:11 status:200
Sep 27 05:41:19.231 - [DEBUG] roundtrip time:12527 cost:12261 transfer_no:1957 send_sn:1924 send:25 recv_sn:0 rcv:11 status:200
Sep 27 05:41:19.338 - [DEBUG] roundtrip time:12370 cost:12118 transfer_no:1960 send_sn:1927 send:230 recv_sn:0 rcv:11 status:200
Sep 27 05:41:19.634 - [DEBUG] roundtrip time:12332 cost:12104 transfer_no:1966 send_sn:1933 send:60 recv_sn:0 rcv:11 status:200
Sep 27 05:41:19.698 - [DEBUG] roundtrip time:12713 cost:0 transfer_no:1962 send_sn:1929 send:2793 recv_sn:0 rcv:11 status:200
Sep 27 05:41:19.797 - [DEBUG] roundtrip time:12812 cost:0 transfer_no:1961 send_sn:1928 send:165 recv_sn:0 rcv:11 status:200
Sep 27 05:41:27.661 - [DEBUG] roundtrip time:12285 cost:12046 transfer_no:1967 send_sn:1934 send:25 recv_sn:0 rcv:11 status:200
Sep 27 05:41:27.755 - [DEBUG] roundtrip time:12373 cost:12126 transfer_no:1970 send_sn:1937 send:56 recv_sn:0 rcv:11 status:200
Sep 27 05:41:27.851 - [DEBUG] roundtrip time:12469 cost:12225 transfer_no:1969 send_sn:1936 send:32 recv_sn:0 rcv:11 status:200
Sep 27 05:41:27.957 - [DEBUG] roundtrip time:12576 cost:12324 transfer_no:1968 send_sn:1935 send:1331 recv_sn:0 rcv:11 status:200
Sep 27 05:41:28.762 - [DEBUG] roundtrip time:12338 cost:12092 transfer_no:1983 send_sn:1950 send:60 recv_sn:0 rcv:11 status:200
Sep 27 05:55:22.714 - [WARNING] server session_id:fybvyium not exist, reset session.
Sep 27 05:55:22.714 - [DEBUG] session reset
Sep 27 05:55:22.714 - [INFO] start close all connection
Sep 27 05:55:22.714 - [DEBUG] stopping conn_id:1
Sep 27 05:55:22.714 - [DEBUG] Conn session: conn:1 stop:system reset
Sep 27 05:55:22.714 - [DEBUG] stopping conn_id:131
Sep 27 05:55:22.714 - [DEBUG] Conn session: conn:131 stop:system reset
Sep 27 05:55:22.714 - [DEBUG] stopping conn_id:132
Sep 27 05:55:22.730 - [DEBUG] Conn session: conn:132 stop:system reset
Sep 27 05:55:22.730 - [DEBUG] stopping conn_id:133
Sep 27 05:55:22.730 - [DEBUG] stopping conn_id:134
Sep 27 05:55:22.730 - [DEBUG] Conn session: conn:133 stop:system reset
Sep 27 05:55:22.730 - [DEBUG] stopping conn_id:129
Sep 27 05:55:22.730 - [DEBUG] Conn session: conn:134 stop:system reset
Sep 27 05:55:22.730 - [DEBUG] stopping conn_id:84
Sep 27 05:55:22.730 - [DEBUG] Conn session: conn:129 stop:system reset
Sep 27 05:55:22.730 - [DEBUG] stopping conn_id:99
Sep 27 05:55:22.730 - [DEBUG] Conn session: conn:84 stop:system reset
Sep 27 05:55:22.730 - [DEBUG] stopping conn_id:105
Sep 27 05:55:22.730 - [DEBUG] Conn session: conn:99 stop:system reset
Sep 27 05:55:22.730 - [DEBUG] Conn session: conn:105 stop:system reset
Sep 27 05:55:22.730 - [DEBUG] stopping conn_id:109
Sep 27 05:55:22.730 - [DEBUG] Conn session: conn:109 stop:system reset
Sep 27 05:55:22.730 - [DEBUG] stopping conn_id:112
Sep 27 05:55:22.730 - [DEBUG] Conn session: conn:112 stop:system reset
Sep 27 05:55:22.730 - [DEBUG] stopping conn_id:113
Sep 27 05:55:22.730 - [DEBUG] Conn session: conn:113 stop:system reset
Sep 27 05:55:22.730 - [DEBUG] stopping conn_id:120
Sep 27 05:55:22.730 - [DEBUG] Conn session: conn:120 stop:system reset
Sep 27 05:55:22.730 - [DEBUG] stopping conn_id:121
Sep 27 05:55:22.730 - [DEBUG] Conn session: conn:121 stop:system reset
Sep 27 05:55:22.730 - [DEBUG] stopping conn_id:122
Sep 27 05:55:22.730 - [DEBUG] Conn session: conn:122 stop:system reset
Sep 27 05:55:22.730 - [DEBUG] stopping conn_id:123
Sep 27 05:55:22.730 - [DEBUG] Conn session: conn:123 stop:system reset
Sep 27 05:55:22.730 - [DEBUG] stopping conn_id:124
Sep 27 05:55:22.730 - [DEBUG] stopping conn_id:125
Sep 27 05:55:22.730 - [DEBUG] Conn session: conn:124 stop:system reset
Sep 27 05:55:22.730 - [DEBUG] Conn session: conn:125 stop:system reset
Sep 27 05:55:22.730 - [DEBUG] stopping conn_id:126
Sep 27 05:55:22.730 - [DEBUG] Conn session: conn:126 stop:system reset
Sep 27 05:55:22.730 - [DEBUG] stopping conn_id:127
Sep 27 05:55:22.730 - [DEBUG] Conn session: conn:127 stop:system reset
Sep 27 05:55:22.730 - [DEBUG] stop all connection finished
Sep 27 05:55:22.730 - [INFO] roundtrip port:443 thread exit
Sep 27 05:55:22.730 - [INFO] roundtrip port:443 thread exit
Sep 27 05:55:22.730 - [INFO] roundtrip port:443 thread exit
Sep 27 05:55:22.730 - [INFO] roundtrip port:443 thread exit
Sep 27 05:55:22.730 - [INFO] roundtrip port:443 thread exit
Sep 27 05:55:22.730 - [INFO] roundtrip port:443 thread exit
Sep 27 05:55:22.730 - [INFO] roundtrip port:443 thread exit
Sep 27 05:55:22.730 - [INFO] roundtrip port:443 thread exit
Sep 27 05:55:22.730 - [INFO] roundtrip port:443 thread exit
Sep 27 05:55:22.730 - [INFO] roundtrip port:443 thread exit
Sep 27 05:55:22.730 - [INFO] roundtrip port:443 thread exit
Sep 27 05:55:22.730 - [INFO] roundtrip port:443 thread exit
Sep 27 05:55:22.730 - [INFO] roundtrip port:443 thread exit
Sep 27 05:55:22.730 - [INFO] roundtrip port:443 thread exit
Sep 27 05:55:22.730 - [INFO] roundtrip port:443 thread exit
Sep 27 05:55:22.730 - [INFO] roundtrip port:443 thread exit
Sep 27 05:55:22.730 - [INFO] roundtrip port:443 thread exit
Sep 27 05:55:22.745 - [INFO] roundtrip port:443 thread exit
Sep 27 05:55:22.745 - [INFO] roundtrip port:443 thread exit
Sep 27 05:55:22.745 - [INFO] roundtrip port:443 thread exit
Sep 27 05:55:22.745 - [INFO] roundtrip port:443 thread exit
Sep 27 05:55:22.793 - [DEBUG] remove conn_id:120
Sep 27 05:55:22.793 - [DEBUG] remove conn_id:1
Sep 27 05:55:23.042 - [INFO] login_session ndpdetzg time:297 msg:Success
Sep 27 05:55:23.136 - [DEBUG] remove conn_id:121
Sep 27 05:55:23.136 - [DEBUG] remove conn_id:127
Sep 27 05:55:23.136 - [DEBUG] remove conn_id:124
Sep 27 05:55:23.136 - [DEBUG] remove conn_id:133
Sep 27 05:55:23.136 - [DEBUG] remove conn_id:132
Sep 27 05:55:23.168 - [DEBUG] remove conn_id:129
Sep 27 05:55:23.168 - [DEBUG] remove conn_id:84
Sep 27 05:55:23.402 - [DEBUG] remove conn_id:112
Sep 27 05:55:23.402 - [DEBUG] remove conn_id:113
Sep 27 05:55:23.402 - [DEBUG] remove conn_id:99
Sep 27 05:55:23.402 - [DEBUG] remove conn_id:126
Sep 27 05:55:23.497 - [DEBUG] remove conn_id:125
Sep 27 05:55:23.497 - [DEBUG] remove conn_id:134
Sep 27 05:55:23.497 - [DEBUG] remove conn_id:131
Sep 27 05:55:23.590 - [DEBUG] remove conn_id:109
Sep 27 05:55:23.590 - [DEBUG] remove conn_id:123
Sep 27 05:55:23.590 - [DEBUG] remove conn_id:122
Sep 27 05:55:23.699 - [DEBUG] remove conn_id:105
